[00:00:00] [Server thread/INFO]: [lonesharku: Given [Ricotta Cheese] * 1 to lonesharku]
[00:00:06] [Server thread/INFO]: [demoman1000: Given [Water Bottle] * 1 to demoman1000]
[00:00:12] [Server thread/INFO]: [lonesharku: Given [Cheese Curd] * 64 to lonesharku]
[00:00:29] [Server thread/INFO]: [lonesharku: Given [Cheddar Cheese] * 1 to lonesharku]
[00:00:30] [Server thread/INFO]: [lonesharku: Given [Cheddar Cheese] * 64 to lonesharku]
[00:00:46] [Server thread/INFO]: [lonesharku: Given [Asiago Cheese] * 64 to lonesharku]
[00:00:53] [Server thread/INFO]: [lonesharku: Given [Block of Cheese] * 1 to lonesharku]
[00:00:59] [Server thread/INFO]: [demoman1000: Given [Water Bottle] * 1 to demoman1000]
[00:01:07] [Server thread/INFO]: [demoman1000: Given [Water Bottle] * 1 to demoman1000]
[00:01:37] [Server thread/INFO]: [demoman1000: Given [Water Bottle] * 1 to demoman1000]
[00:01:42] [Server thread/INFO]: [lonesharku: Given [Bucket] * 16 to lonesharku]
[00:01:43] [Server thread/INFO]: [lonesharku: Given [Bucket] * 16 to lonesharku]
[00:01:55] [Server thread/INFO]: [demoman1000: Given [Water Bottle] * 1 to demoman1000]
[00:02:06] [Server thread/INFO]: [§cOP§f]<Trisimix> groups
[00:03:10] [Server thread/INFO]: [demoman1000: Given [Water Bottle] * 1 to demoman1000]
[00:03:24] [Server thread/WARN]: demoman1000 moved too quickly! 0.0,10.520000368356705,0.0 (0.0, 10.520000368356705, 0.0)
[00:03:28] [Server thread/WARN]: demoman1000 moved too quickly! 0.0,10.520000368356705,0.0 (0.0, 10.520000368356705, 0.0)
[00:03:29] [Server thread/WARN]: demoman1000 moved too quickly! 0.0,10.520000368356705,0.0 (0.0, 10.520000368356705, 0.0)
[00:03:30] [Server thread/WARN]: demoman1000 moved too quickly! 0.0,10.520000368356705,0.0 (0.0, 10.520000368356705, 0.0)
[00:03:30] [Server thread/WARN]: demoman1000 moved too quickly! 0.0,10.520000368356705,0.0 (0.0, 10.520000368356705, 0.0)
[00:03:31] [Server thread/WARN]: demoman1000 moved too quickly! 0.0,10.520000368356705,0.0 (0.0, 10.520000368356705, 0.0)
[00:03:31] [Server thread/WARN]: demoman1000 moved too quickly! 0.0,10.520000368356705,0.0 (0.0, 10.520000368356705, 0.0)
[00:03:34] [Server thread/WARN]: demoman1000 moved too quickly! -0.04188448295289504,10.520000368356705,0.0 (0.04188448295289504, 10.520000368356705, 0.0)
[00:03:34] [Server thread/WARN]: demoman1000 moved too quickly! 0.0,10.520000368356705,0.0 (0.0, 10.520000368356705, 0.0)
[00:03:35] [Server thread/WARN]: demoman1000 moved too quickly! 0.0,10.520000368356705,0.0 (0.0, 10.520000368356705, 0.0)
[00:03:35] [Server thread/WARN]: demoman1000 moved too quickly! 0.0,10.520000368356705,0.0 (0.0, 10.520000368356705, 0.0)
[00:03:36] [Server thread/WARN]: demoman1000 moved too quickly! 0.0,10.520000368356705,0.0 (0.0, 10.520000368356705, 0.0)
[00:03:36] [Server thread/WARN]: demoman1000 moved too quickly! 0.0,10.520000368356705,0.0 (0.0, 10.520000368356705, 0.0)
[00:03:37] [Server thread/WARN]: demoman1000 moved too quickly! 0.0,10.520000368356705,0.0 (0.0, 10.520000368356705, 0.0)
[00:03:38] [Server thread/WARN]: demoman1000 moved too quickly! 0.0,10.520000368356705,0.0 (0.0, 10.520000368356705, 0.0)
[00:03:38] [Server thread/WARN]: demoman1000 moved too quickly! 0.0,10.520000368356705,0.0 (0.0, 10.520000368356705, 0.0)
[00:03:42] [Server thread/WARN]: lonesharku moved too quickly! 0.0,10.520000368356705,0.008586745104025795 (0.0, 10.520000368356705, 0.008586745104025795)
[00:03:43] [Server thread/WARN]: lonesharku moved too quickly! 0.0,10.520000368356705,0.0 (0.0, 10.520000368356705, 0.0)
[00:03:44] [Server thread/WARN]: lonesharku moved too quickly! 0.0,10.520000368356705,0.0 (0.0, 10.520000368356705, 0.0)
[00:03:45] [Server thread/WARN]: lonesharku moved too quickly! 0.0,10.520000368356705,0.0 (0.0, 10.520000368356705, 0.0)
[00:03:45] [Server thread/WARN]: lonesharku moved too quickly! 0.0,10.520000368356705,0.0 (0.0, 10.520000368356705, 0.0)
[00:03:46] [Server thread/WARN]: lonesharku moved too quickly! 0.0,10.520000368356705,0.0 (0.0, 10.520000368356705, 0.0)
[00:03:47] [Server thread/WARN]: lonesharku moved too quickly! 0.38994126736997714,10.520000368356705,0.0 (0.38994126736997714, 10.520000368356705, 0.0)
[00:03:47] [Server thread/WARN]: demoman1000 moved too quickly! 0.0,10.520000368356705,0.0 (0.03928046077639999, 10.520000368356705, 0.0)
[00:03:47] [Server thread/WARN]: lonesharku moved too quickly! 0.0,10.520000368356705,0.0 (0.13023731818232487, 10.520000368356705, 0.0)
[00:03:48] [Server thread/WARN]: lonesharku moved too quickly! 0.15347747330088168,10.520000368356705,2.072014331817627 (0.15347747330088168, 10.520000368356705, 2.072014331817627)
[00:03:48] [Server thread/WARN]: lonesharku moved too quickly! 0.04024539946112782,10.520000368356705,2.0772478580474854 (0.15711163998033026, 10.520000368356705, 2.0772478580474854)
[00:03:48] [Server thread/WARN]: demoman1000 moved too quickly! 0.0,10.520000368356705,0.0 (0.039221740411821214, 10.520000368356705, 0.0)
[00:03:48] [Server thread/WARN]: lonesharku moved too quickly! -0.03789045680605341,10.520000368356705,2.077251434326172 (0.12504671770954784, 10.520000368356705, 2.077251434326172)
[00:03:48] [Server thread/WARN]: lonesharku moved too quickly! -0.0766362338908948,10.520000368356705,2.076206684112549 (0.13672172007705097, 10.520000368356705, 2.076206684112549)
[00:03:49] [Server thread/WARN]: lonesharku moved too quickly! -0.09326409408822656,10.520000368356705,2.0755443572998047 (0.1353178762383602, 10.520000368356705, 2.0755443572998047)
[00:03:49] [Server thread/WARN]: demoman1000 moved too quickly! 0.0,10.520000368356705,0.0 (0.03925603693284369, 10.520000368356705, 0.0)
[00:03:49] [Server thread/WARN]: demoman1000 moved too quickly! 0.0,10.520000368356705,0.0 (0.0, 10.520000368356705, 0.0)
[00:03:50] [Server thread/WARN]: lonesharku moved too quickly! 0.0,10.520000368356705,-0.008495416941286749 (0.0, 10.520000368356705, 0.008495416941286749)
[00:03:50] [Server thread/WARN]: demoman1000 moved too quickly! 0.0,10.520000368356705,0.0 (0.0, 10.520000368356705, 0.0)
[00:03:50] [Server thread/WARN]: demoman1000 moved too quickly! 0.0,10.520000368356705,0.0 (0.0, 10.520000368356705, 0.0)
[00:03:51] [Server thread/WARN]: demoman1000 moved too quickly! 0.0,10.520000368356705,0.0 (0.0, 10.520000368356705, 0.0)
[00:03:51] [Server thread/WARN]: lonesharku moved too quickly! 0.0,10.520000368356705,0.0 (0.0, 10.520000368356705, 0.0)
[00:03:52] [Server thread/WARN]: demoman1000 moved too quickly! 0.0,10.520000368356705,0.0 (0.0, 10.520000368356705, 0.0)
[00:03:52] [Server thread/WARN]: lonesharku moved too quickly! 0.0,10.520000368356705,0.0 (0.0, 10.520000368356705, 0.0)
[00:03:52] [Server thread/WARN]: demoman1000 moved too quickly! -0.9816566705703735,10.520000368356705,1.8310573101043701 (0.9816566705703735, 10.520000368356705, 1.8310573101043701)
[00:03:53] [Server thread/WARN]: lonesharku moved too quickly! 0.0,10.520000368356705,-0.05084179469227479 (0.0, 10.520000368356705, 0.05084179469227479)
[00:03:53] [Server thread/WARN]: demoman1000 moved too quickly! -0.19551149010658264,10.520000368356705,2.068380117416382 (0.19551149010658264, 10.520000368356705, 2.068380117416382)
[00:03:53] [Server thread/WARN]: lonesharku moved too quickly! 0.0,10.520000368356705,-0.11269059437904616 (0.0, 10.520000368356705, 0.11269059437904616)
[00:03:53] [Server thread/WARN]: demoman1000 moved too quickly! -0.14111512899398804,10.520000368356705,2.0728018283843994 (0.14111512899398804, 10.520000368356705, 2.0728018283843994)
[00:03:54] [Server thread/WARN]: demoman1000 moved too quickly! -0.15740624070167542,10.520000368356705,2.0716283321380615 (0.15740624070167542, 10.520000368356705, 2.0716283321380615)
[00:03:54] [Server thread/WARN]: lonesharku moved too quickly! 0.0,10.520000368356705,0.04700686902467055 (0.0, 10.520000368356705, 0.04700686902467055)
[00:03:54] [Server thread/WARN]: demoman1000 moved too quickly! -0.16832782328128815,10.520000368356705,2.0707695484161377 (0.16832782328128815, 10.520000368356705, 2.0707695484161377)
[00:03:54] [Server thread/WARN]: lonesharku moved too quickly! 0.0,10.520000368356705,0.0 (0.0, 10.520000368356705, 0.0)
[00:03:55] [Server thread/WARN]: lonesharku moved too quickly! 0.0,10.520000368356705,0.0 (0.0, 10.520000368356705, 0.0)
[00:03:55] [Server thread/WARN]: demoman1000 moved too quickly! -0.1736876368522644,10.520000368356705,2.070326805114746 (0.1736876368522644, 10.520000368356705, 2.070326805114746)
[00:03:55] [Server thread/WARN]: lonesharku moved too quickly! 0.0,10.520000368356705,0.0 (0.0, 10.520000368356705, 0.0)
[00:03:55] [Server thread/WARN]: demoman1000 moved too quickly! -0.18995827436447144,10.520000368356705,2.0688974857330322 (0.18995827436447144, 10.520000368356705, 2.0688974857330322)
[00:03:55] [Server thread/WARN]: lonesharku moved too quickly! 0.0,10.520000368356705,0.0 (0.0, 10.520000368356705, 0.0)
[00:03:56] [Server thread/WARN]: demoman1000 moved too quickly! -0.2008650153875351,10.520000368356705,2.0678670406341553 (0.2008650153875351, 10.520000368356705, 2.0678670406341553)
[00:03:56] [Server thread/WARN]: lonesharku moved too quickly! 0.0,10.520000368356705,0.0 (0.0, 10.520000368356705, 0.0)
[00:03:56] [Server thread/WARN]: lonesharku moved too quickly! 0.0,10.520000368356705,0.0 (0.0, 10.520000368356705, 0.0)
[00:03:56] [Server thread/WARN]: demoman1000 moved too quickly! -0.21156799793243408,10.520000368356705,2.0667994022369385 (0.21156799793243408, 10.520000368356705, 2.0667994022369385)
[00:03:56] [Server thread/WARN]: lonesharku moved too quickly! 0.0,10.520000368356705,0.0 (0.0, 10.520000368356705, 0.0)
[00:03:56] [Server thread/WARN]: lonesharku moved too quickly! -0.3518535792827606,10.520000368356705,2.0811411691027217 (0.3518535792827606, 10.520000368356705, 2.0811411691027217)
[00:03:57] [Server thread/WARN]: lonesharku moved too quickly! -0.3518535792827606,10.520000368356705,2.04758882522583 (0.3518535792827606, 10.520000368356705, 2.04758882522583)
[00:03:57] [Server thread/WARN]: demoman1000 moved too quickly! -1.6439275741577148,10.520000368356705,1.3386189937591553 (1.6439275741577148, 10.520000368356705, 1.3386189937591553)
[00:03:57] [Server thread/WARN]: lonesharku moved too quickly! -0.5439656558854722,10.520000368356705,2.04758882522583 (0.5439656558854722, 10.520000368356705, 2.04758882522583)
[00:03:57] [Server thread/WARN]: lonesharku moved too quickly! -0.3518535792827606,10.520000368356705,2.04758882522583 (0.3518535792827606, 10.520000368356705, 2.04758882522583)
[00:03:57] [Server thread/WARN]: demoman1000 moved too quickly! -1.601159930229187,10.520000368356705,1.3894912004470825 (1.601159930229187, 10.520000368356705, 1.3894912004470825)
[00:03:58] [Server thread/WARN]: lonesharku moved too quickly! -0.3518535792827606,10.520000368356705,2.04758882522583 (0.3518535792827606, 10.520000368356705, 2.04758882522583)
[00:03:58] [Server thread/WARN]: lonesharku moved too quickly! -0.30346792936325073,10.520000368356705,2.055316925048828 (0.30346792936325073, 10.520000368356705, 2.055316925048828)
[00:03:58] [Server thread/WARN]: demoman1000 moved too quickly! -1.6647708415985107,10.520000368356705,1.3126065731048584 (1.6647708415985107, 10.520000368356705, 1.3126065731048584)
[00:03:58] [Server thread/WARN]: lonesharku moved too quickly! -0.2819731831550598,10.520000368356705,2.0583760738372803 (0.2819731831550598, 10.520000368356705, 2.0583760738372803)
[00:03:58] [Server thread/WARN]: demoman1000 moved too quickly! -2.014461040496826,10.520000368356705,0.6605647802352905 (2.014461040496826, 10.520000368356705, 0.6605647802352905)
[00:03:58] [Server thread/WARN]: lonesharku moved too quickly! -0.2657823860645294,10.520000368356705,2.0605292320251465 (0.2657823860645294, 10.520000368356705, 2.0605292320251465)
[00:03:59] [Server thread/WARN]: lonesharku moved too quickly! -0.21711547672748566,10.520000368356705,2.0662238597869873 (0.21711547672748566, 10.520000368356705, 2.0662238597869873)
[00:03:59] [Server thread/WARN]: demoman1000 moved too quickly! -2.1161582469940186,10.520000368356705,-0.1820344401684224 (2.1161582469940186, 10.520000368356705, 0.1820344401684224)
[00:03:59] [Server thread/WARN]: lonesharku moved too quickly! -0.21711547672748566,10.520000368356705,2.0662238597869873 (0.21711547672748566, 10.520000368356705, 2.0662238597869873)
[00:03:59] [Server thread/WARN]: demoman1000 moved too quickly! -2.0793042182922363,10.520000368356705,-0.7530747922703824 (2.0793042182922363, 10.520000368356705, 0.7530747922703824)
[00:03:59] [Server thread/WARN]: lonesharku moved too quickly! -0.21711547672748566,10.520000368356705,2.0662238597869873 (0.21711547672748566, 10.520000368356705, 2.0662238597869873)
[00:03:59] [Server thread/WARN]: lonesharku moved too quickly! -0.21711547672748566,10.520000368356705,2.0662238597869873 (0.21711547672748566, 10.520000368356705, 2.0662238597869873)
[00:04:00] [Server thread/WARN]: demoman1000 moved too quickly! -2.1170849800109863,10.520000368356705,-0.010698674314653545 (2.1170849800109863, 10.520000368356705, 0.010698674314653545)
[00:04:00] [Server thread/WARN]: lonesharku moved too quickly! -0.21711547672748566,10.520000368356705,2.0662238597869873 (0.21711547672748566, 10.520000368356705, 2.0662238597869873)
[00:04:00] [Server thread/WARN]: demoman1000 moved too quickly! -2.1125612258911133,10.520000368356705,0.29841389929038087 (2.1125612258911133, 10.520000368356705, 0.29841389929038087)
[00:04:00] [Server thread/WARN]: lonesharku moved too quickly! -0.21711547672748566,10.520000368356705,2.0662238597869873 (0.21711547672748566, 10.520000368356705, 2.0662238597869873)
[00:04:00] [Server thread/WARN]: demoman1000 moved too quickly! -2.112077236175537,10.520000368356705,0.3837449984824275 (2.112077236175537, 10.520000368356705, 0.3837449984824275)
[00:04:00] [Server thread/WARN]: lonesharku moved too quickly! -0.21711547672748566,10.520000368356705,2.0662238597869873 (0.21711547672748566, 10.520000368356705, 2.0662238597869873)
[00:04:01] [Server thread/WARN]: lonesharku moved too quickly! -0.21711547672748566,10.520000368356705,2.0662238597869873 (0.21711547672748566, 10.520000368356705, 2.0662238597869873)
[00:04:01] [Server thread/WARN]: demoman1000 moved too quickly! -2.1111011505126953,10.520000368356705,0.19726028015938368 (2.1111011505126953, 10.520000368356705, 0.19726028015938368)
[00:04:01] [Server thread/WARN]: lonesharku moved too quickly! -0.21711547672748566,10.520000368356705,2.0662238597869873 (0.21711547672748566, 10.520000368356705, 2.0662238597869873)
[00:04:01] [Server thread/WARN]: lonesharku moved too quickly! -0.21711547672748566,10.520000368356705,2.0662238597869873 (0.21711547672748566, 10.520000368356705, 2.0662238597869873)
[00:04:01] [Server thread/WARN]: demoman1000 moved too quickly! -1.7085933685302734,10.520000368356705,-1.9829007316704406 (1.7085933685302734, 10.520000368356705, 1.9829007316704406)
[00:04:02] [Server thread/WARN]: lonesharku moved too quickly! -0.18460212647914886,10.520000368356705,2.0693821907043457 (0.18460212647914886, 10.520000368356705, 2.0693821907043457)
[00:04:02] [Server thread/WARN]: demoman1000 moved too quickly! -2.0713424682617188,10.520000368356705,-0.4515951871871948 (2.0713424682617188, 10.520000368356705, 0.4515951871871948)
[00:04:02] [Server thread/WARN]: lonesharku moved too quickly! -0.18460212647914886,10.520000368356705,2.0693821907043457 (0.18460212647914886, 10.520000368356705, 2.0693821907043457)
[00:04:02] [Server thread/WARN]: demoman1000 moved too quickly! -2.082451581954956,10.520000368356705,-0.3972322344779968 (2.082451581954956, 10.520000368356705, 0.3972322344779968)
[00:04:02] [Server thread/WARN]: lonesharku moved too quickly! -1.010324478149414,10.520000368356705,1.8153966665267944 (1.010324478149414, 10.520000368356705, 1.8153966665267944)
[00:04:02] [Server thread/WARN]: lonesharku moved too quickly! -1.010324478149414,10.520000368356705,1.8153966665267944 (1.010324478149414, 10.520000368356705, 1.8153966665267944)
[00:04:03] [Server thread/WARN]: lonesharku moved too quickly! -1.8046408891677856,10.520000368356705,1.0294132232666016 (1.8046408891677856, 10.520000368356705, 1.0294132232666016)
[00:04:03] [Server thread/WARN]: lonesharku moved too quickly! -1.8046408891677856,10.520000368356705,1.0294132232666016 (1.8046408891677856, 10.520000368356705, 1.0294132232666016)
[00:04:03] [Server thread/WARN]: lonesharku moved too quickly! -1.8046408891677856,10.520000368356705,1.0294132232666016 (1.8046408891677856, 10.520000368356705, 1.0294132232666016)
[00:04:03] [Server thread/WARN]: lonesharku moved too quickly! -2.043764352798462,10.520000368356705,0.37342771887779236 (2.043764352798462, 10.520000368356705, 0.37342771887779236)
[00:04:04] [Server thread/WARN]: lonesharku moved too quickly! -2.043764352798462,10.520000368356705,0.37342771887779236 (2.043764352798462, 10.520000368356705, 0.37342771887779236)
[00:04:04] [Server thread/WARN]: lonesharku moved too quickly! -2.043764352798462,10.520000368356705,0.37342771887779236 (2.043764352798462, 10.520000368356705, 0.37342771887779236)
[00:04:04] [Server thread/WARN]: lonesharku moved too quickly! -2.0763967037200928,10.520000368356705,0.07069786638021469 (2.0763967037200928, 10.520000368356705, 0.07069786638021469)
[00:04:04] [Server thread/WARN]: lonesharku moved too quickly! -2.0763967037200928,10.520000368356705,0.07069786638021469 (2.0763967037200928, 10.520000368356705, 0.07069786638021469)
[00:04:05] [Server thread/WARN]: lonesharku moved too quickly! -2.0763967037200928,10.520000368356705,0.07069786638021469 (2.0763967037200928, 10.520000368356705, 0.07069786638021469)
[00:04:05] [Server thread/WARN]: lonesharku moved too quickly! -2.077535629272461,10.520000368356705,-0.016333196312189102 (2.077535629272461, 10.520000368356705, 0.016333196312189102)
[00:04:05] [Server thread/WARN]: lonesharku moved too quickly! -2.077346086502075,10.520000368356705,-0.0327725067618303 (2.077346086502075, 10.520000368356705, 0.0327725067618303)
[00:04:05] [Server thread/WARN]: demoman1000 moved too quickly! 0.0,10.520000368356705,0.007882191084860324 (0.0, 10.520000368356705, 0.007882191084860324)
[00:04:06] [Server thread/WARN]: demoman1000 moved too quickly! 0.0,10.520000368356705,0.0 (0.0, 10.520000368356705, 0.0)
[00:04:07] [Server thread/WARN]: demoman1000 moved too quickly! 0.0,10.520000368356705,0.0 (0.0, 10.520000368356705, 0.0)
[00:04:07] [Server thread/WARN]: demoman1000 moved too quickly! 0.0,10.520000368356705,0.0 (0.0, 10.520000368356705, 0.0)
[00:04:07] [Server thread/WARN]: demoman1000 moved too quickly! 0.0,10.520000368356705,0.0 (0.0, 10.520000368356705, 0.0)
[00:04:08] [Server thread/WARN]: demoman1000 moved too quickly! 0.0,10.49547914126039,0.0 (0.0, 10.49547914126039, 0.0)
[00:04:09] [Server thread/WARN]: demoman1000 moved too quickly! 0.0,10.49547914126039,0.0 (0.0, 10.49547914126039, 0.0)
[00:04:09] [Server thread/WARN]: demoman1000 moved too quickly! 0.0,10.49547914126039,0.0 (0.0, 10.49547914126039, 0.0)
[00:04:09] [Server thread/WARN]: lonesharku moved too quickly! 0.0,10.520000368356705,0.0 (0.0, 10.520000368356705, 0.0)
[00:04:09] [Server thread/WARN]: lonesharku moved too quickly! 0.0,10.520000368356705,0.0 (0.0, 10.520000368356705, 0.0)
[00:04:10] [Server thread/WARN]: lonesharku moved too quickly! 0.0,10.520000368356705,0.0 (0.0, 10.520000368356705, 0.0)
[00:04:10] [Server thread/WARN]: lonesharku moved too quickly! 0.0,10.520000368356705,0.0 (0.0, 10.520000368356705, 0.0)
[00:04:10] [Server thread/WARN]: lonesharku moved too quickly! 0.0,10.520000368356705,0.0 (0.0, 10.520000368356705, 0.0)
[00:04:10] [Server thread/WARN]: lonesharku moved too quickly! 0.0,10.520000368356705,0.0 (0.0, 10.520000368356705, 0.0)
[00:04:11] [Server thread/WARN]: lonesharku moved too quickly! 0.0,10.520000368356705,0.0 (0.0, 10.520000368356705, 0.0)
[00:04:11] [Server thread/WARN]: lonesharku moved too quickly! 0.0,10.520000368356705,0.0 (0.0, 10.520000368356705, 0.0)
[00:04:12] [Server thread/WARN]: lonesharku moved too quickly! 0.0,10.520000368356705,0.0 (0.0, 10.520000368356705, 0.0)
[00:04:14] [Server thread/WARN]: demoman1000 moved too quickly! -1.8258554935455322,10.520000368356705,-0.991298258304596 (1.8258554935455322, 10.520000368356705, 0.991298258304596)
[00:04:14] [Server thread/WARN]: demoman1000 moved too quickly! 0.0,10.520000368356705,0.0 (0.0, 10.520000368356705, 0.0)
[00:04:15] [Server thread/WARN]: demoman1000 moved too quickly! -2.011013984680176,10.520000368356705,0.375 (2.011013984680176, 10.520000368356705, 0.375)
[00:04:15] [Server thread/WARN]: demoman1000 moved too quickly! -1.8585306406021118,10.520000368356705,-0.9285928010940552 (1.8585306406021118, 10.520000368356705, 0.9285928010940552)
[00:04:16] [Server thread/WARN]: demoman1000 moved too quickly! -1.8585306406021118,10.520000368356705,-0.9285928010940552 (1.8585306406021118, 10.520000368356705, 0.9285928010940552)
[00:04:16] [Server thread/INFO]: [lonesharku: Given [Pink Slime Bucket] * 1 to lonesharku]
[00:04:16] [Server thread/WARN]: demoman1000 moved too quickly! -1.8609281778335571,10.520000368356705,-0.9237787127494812 (1.8609281778335571, 10.520000368356705, 0.9237787127494812)
[00:04:17] [Server thread/WARN]: demoman1000 moved too quickly! -1.902416706085205,10.520000368356705,-0.8350039124488831 (1.902416706085205, 10.520000368356705, 0.8350039124488831)
[00:04:17] [Server thread/WARN]: demoman1000 moved too quickly! -1.902416706085205,10.520000368356705,-0.8350039124488831 (1.902416706085205, 10.520000368356705, 0.8350039124488831)
[00:04:18] [Server thread/WARN]: demoman1000 moved too quickly! 1.7540943622589111,10.520000368356705,-1.1133614778518677 (1.7540943622589111, 10.520000368356705, 1.1133614778518677)
[00:04:18] [Server thread/WARN]: demoman1000 moved too quickly! 1.8704800605773926,10.520000368356705,-0.9042814373970032 (1.8704800605773926, 10.520000368356705, 0.9042814373970032)
[00:04:19] [Server thread/WARN]: demoman1000 moved too quickly! 1.8704800605773926,10.520000368356705,-0.9042814373970032 (1.8704800605773926, 10.520000368356705, 0.9042814373970032)
[00:04:19] [Server thread/WARN]: demoman1000 moved too quickly! 2.0418035984039307,10.520000368356705,-0.384003609418869 (2.0418035984039307, 10.520000368356705, 0.384003609418869)
[00:04:20] [Server thread/WARN]: demoman1000 moved too quickly! 2.07688307762146,10.520000368356705,-0.05457106605172157 (2.07688307762146, 10.520000368356705, 0.05457106605172157)
[00:04:20] [Server thread/WARN]: demoman1000 moved too quickly! 2.07688307762146,10.520000368356705,-0.05457106605172157 (2.07688307762146, 10.520000368356705, 0.05457106605172157)
[00:04:32] [Server thread/INFO]: [demoman1000: Given [Water Bottle] * 1 to demoman1000]
[00:04:37] [Server thread/INFO]: demoman1000 fell out of the world
[00:04:42] [Server thread/INFO]: [demoman1000: Given [Water Bottle] * 1 to demoman1000]
[00:04:48] [Server thread/INFO]: [lonesharku: Given [Oil Bucket] * 1 to lonesharku]
[00:04:57] [Server thread/INFO]: [lonesharku: Given [Lubricant Bucket] * 1 to lonesharku]
[00:05:04] [Server thread/INFO]: [lonesharku: Given [Cream Bucket] * 1 to lonesharku]
[00:05:18] [Server thread/WARN]: lonesharku moved too quickly! 0.0,10.520000368356705,0.0 (0.0, 10.520000368356705, 0.0)
[00:05:27] [Server thread/WARN]: lonesharku moved too quickly! 0.0,10.520000368356705,0.0 (0.0, 10.520000368356705, 0.0)
[00:05:28] [Server thread/WARN]: lonesharku moved too quickly! 0.0,10.520000368356705,0.0 (0.0, 10.520000368356705, 0.0)
[00:05:28] [Server thread/WARN]: lonesharku moved too quickly! 0.0,10.520000368356705,0.0 (0.0, 10.520000368356705, 0.0)
[00:05:29] [Server thread/WARN]: lonesharku moved too quickly! 0.0,10.520000368356705,0.0 (0.0, 10.520000368356705, 0.0)
[00:05:29] [Server thread/WARN]: lonesharku moved too quickly! 0.0,10.520000368356705,0.0 (0.0, 10.520000368356705, 0.0)
[00:05:30] [Server thread/WARN]: lonesharku moved too quickly! 0.0,10.520000368356705,0.3502859652373047 (0.0, 10.520000368356705, 0.3502859652373047)
[00:05:30] [Server thread/WARN]: lonesharku moved too quickly! 0.0,10.520000368356705,0.0 (0.0, 10.520000368356705, 0.0)
[00:05:31] [Server thread/WARN]: lonesharku moved too quickly! 0.0,10.520000368356705,0.0 (0.0, 10.520000368356705, 0.0)
[00:05:31] [Server thread/WARN]: lonesharku moved too quickly! 1.0416802167892456,10.520000368356705,1.0147638320922852 (1.0416802167892456, 10.520000368356705, 1.0147638320922852)
[00:05:32] [Server thread/WARN]: lonesharku moved too quickly! 0.49257028102874756,10.520000368356705,1.368316888809204 (0.49257028102874756, 10.520000368356705, 1.368316888809204)
[00:05:37] [Server thread/INFO]: [lonesharku: Given [Poison Bucket] * 1 to lonesharku]
[00:05:43] [Server thread/WARN]: lonesharku moved too quickly! 0.0,0.0,0.0 (0.0, 10.231200560116775, 0.0)
[00:05:45] [Server thread/WARN]: lonesharku moved too quickly! 0.0,0.0,0.0 (0.0, 10.231200560116775, 0.0)
[00:05:56] [Server thread/INFO]: [lonesharku: Given [Rennet Bucket] * 1 to lonesharku]
[00:06:03] [Server thread/INFO]: [lonesharku: Given [BioFuel Bucket] * 1 to lonesharku]
[00:06:06] [Server thread/INFO]: lonesharku was slain by demoman1000
[00:06:20] [Server thread/INFO]: [demoman1000: Given [Water Bottle] * 1 to demoman1000]
[00:06:30] [Server thread/INFO]: [demoman1000: Given [Water Bottle] * 1 to lonesharku]
[00:06:35] [Server thread/INFO]: [demoman1000: Given [Water Bottle] * 1 to demoman1000]
[00:06:39] [Server thread/INFO]: [lonesharku: Given [Molten Manyullyn Bucket] * 1 to lonesharku]
[00:06:40] [Server thread/INFO]: lonesharku fell from a high place
[00:06:47] [Server thread/INFO]: [lonesharku: Given [Molten Manyullyn Bucket] * 1 to lonesharku]
[00:07:38] [Server thread/INFO]: lonesharku burned to death
[00:08:06] [Server thread/INFO]: lonesharku tried to swim in lava to escape Skeleton
[00:08:19] [Server thread/INFO]: demoman1000 fell out of the world
[00:08:37] [Server thread/INFO]: [lonesharku: Given [Ale Bucket] * 1 to lonesharku]
[00:08:50] [Server thread/INFO]: [lonesharku: Given [Creosote Bucket] * 1 to lonesharku]
[00:08:58] [Server thread/INFO]: [lonesharku: Given [Energized Glowstone Bucket] * 1 to lonesharku]
[00:09:00] [Server thread/INFO]: lonesharku tried to swim in lava
[00:09:23] [Server thread/INFO]: [lonesharku: Given [Bucket] * 16 to lonesharku]
[00:09:42] [Server thread/INFO]: [lonesharku: Given [Liquified Emerald Bucket] * 1 to lonesharku]
[00:10:04] [Server thread/INFO]: lonesharku was shot by Baby Skeleton
[00:10:32] [Server thread/INFO]: [§cOP§f]<Trisimix> test
[00:11:23] [Server thread/INFO]: demoman1000 has just earned the achievement [Arcane Research]
[00:11:49] [Server thread/INFO]: lonesharku tried to swim in lava
[00:12:08] [Server thread/INFO]: [lonesharku: Given [Water Bucket] * 1 to lonesharku]
[00:12:09] [Server thread/INFO]: lonesharku tried to swim in lava to escape Skeleton
[00:12:56] [Server thread/INFO]: [lonesharku: Given [Cream Bucket] * 1 to lonesharku]
[00:12:58] [Server thread/INFO]: [demoman1000: Given [Spawn Meat Slime] * 64 to demoman1000]
[00:12:58] [Server thread/INFO]: [lonesharku: Given [Sake Bucket] * 1 to lonesharku]
[00:13:12] [Server thread/INFO]: lonesharku tried to swim in lava to escape demoman1000
[00:13:40] [Server thread/INFO]: [lonesharku: Given [Extrapolated Bucket] * 1 to lonesharku]
[00:14:08] [Server thread/INFO]: lonesharku tried to swim in lava
[00:14:18] [Server thread/INFO]: [lonesharku: Given [Water Bucket] * 1 to lonesharku]
[00:14:21] [Server thread/INFO]: [lonesharku: Given [Water Bucket] * 1 to lonesharku]
[00:14:27] [Server thread/INFO]: [lonesharku: Given [Poison Bucket] * 1 to lonesharku]
[00:14:50] [Server thread/INFO]: [Trisimix: De-opped lonesharku]
[00:15:17] [Server thread/INFO]: lonesharku was slain by demoman1000
[00:17:35] [Server thread/INFO]: lonesharku tried to swim in lava
[00:17:51] [Server thread/INFO]: [Trisimix: Cleared the inventory of Trisimix, removing 116 items]
[00:18:58] [Server thread/INFO]: lonesharku was blown up by Creeper
[00:19:57] [Server thread/INFO]: lonesharku was slain by demoman1000
[00:22:46] [Thread-136/INFO]: Starting backup of dimensions -7, -13, -14, -15, -16, -112, -18, -20, -21, -28, 69, -29, -30, -31, -33, -34, -35, -36, -40, -41, -43, -82, -83, -84, -85, -87, -88, -89, -1, 0
[00:22:51] [Thread-136/INFO]: Backup finished!
[00:22:59] [AromaBackup/INFO]: [§1AromaBackup§r] Starting Backup. The server may lag for a bit!
[00:23:02] [Server thread/INFO]: lonesharku was slain by demoman1000
[00:23:06] [AromaBackup/INFO]: [§1AromaBackup§r] Server Backup done!
[00:23:06] [AromaBackup/INFO]: [§1AromaBackup§r] Next scheduled Backup in 30 minutes.
[00:23:54] [Server thread/INFO]: lonesharku was slain by demoman1000
[00:26:37] [Server thread/INFO]: [Trisimix: Clearing demoman1000's morphs]
[00:26:41] [Server thread/INFO]: [Trisimix: Clearing lonesharku's morphs]
[00:26:47] [Server thread/INFO]: [Trisimix: Clearing Trisimix's morphs]
[00:27:04] [Server thread/INFO]: [Trisimix: Clearing *'s morphs]
[00:27:07] [Server thread/INFO]: [Trisimix: Clearing all's morphs]
[00:27:16] [Server thread/INFO]: lonesharku was slain by demoman1000
[00:27:45] [Server thread/INFO]: [Trisimix: Forcing demoman1000 to demorph]
[00:27:48] [Server thread/INFO]: demoman1000 has just earned the achievement [The more you know]
[00:30:01] [Server thread/INFO]: #flansmod
[00:30:33] [Server thread/INFO]: lonesharku was shot by Baby Skeleton
[00:31:27] [Server thread/INFO]: lonesharku was slain by Zombie
[00:32:41] [Server thread/INFO]: lonesharku was blown up by Creeper
[00:32:59] [Server thread/INFO]: [Trisimix: Opped lonesharku]
[00:33:43] [Server thread/INFO]: [lonesharku: Given [Primordial Pearl] * 1 to lonesharku]
[00:33:56] [Server thread/INFO]: [lonesharku: Given [Water Bucket] * 1 to lonesharku]
[00:34:37] [Server thread/INFO]: #flansmod
[00:35:14] [Server thread/INFO]: [lonesharku: Given [Bucket of Life] * 1 to lonesharku]
[00:35:37] [Server thread/INFO]: [lonesharku: Given [Extrapolated Bucket] * 1 to lonesharku]
[00:35:52] [Server thread/INFO]: [lonesharku: Given [Blood Bucket] * 1 to lonesharku]
[00:36:42] [Server thread/INFO]: [lonesharku: Given [item.PortalGunOrange.name] * 1 to lonesharku]
[00:36:55] [Server thread/INFO]: lonesharku fell from a high place
[00:36:56] [Server thread/INFO]: [demoman1000: No game rule called 'dofiretick' is available]
[00:37:04] [Server thread/INFO]: [demoman1000: Game rule has been updated]
[00:38:31] [Server thread/INFO]: [lonesharku: Given [item.PortalGunOrange.name] * 1 to lonesharku]
[00:38:57] [Server thread/INFO]: lonesharku fell from a high place
[00:40:31] [Server thread/INFO]: [lonesharku: Given [item.PortalBlackHole.name] * 1 to lonesharku]
[00:40:41] [Server thread/INFO]: [lonesharku: Given [Bedrock Portal] * 1 to lonesharku]
[00:40:43] [Thread-150/INFO]: Starting backup of dim -19...
[00:40:43] [Thread-150/INFO]: Backup finished
[00:40:49] [Server thread/WARN]: lonesharku moved wrongly!
[00:41:06] [Server thread/INFO]: [lonesharku: Given [Music Disc] * 1 to lonesharku]
[00:44:01] [Server thread/INFO]: [lonesharku: Given [Wither Skeleton Skull] * 1 to lonesharku]
[00:45:00] [Thread-157/INFO]: Starting backup of dim -19...
[00:45:00] [Thread-157/INFO]: Backup finished
[00:49:57] [Server thread/INFO]: [lonesharku: Given [Music Disc] * 1 to lonesharku]
[00:51:51] [Server thread/INFO]: [lonesharku: Given [Music Disc] * 1 to lonesharku]
[00:52:17] [Server thread/INFO]: [lonesharku: Given [Music Disc] * 1 to lonesharku]
[00:53:07] [AromaBackup/INFO]: [§1AromaBackup§r] Starting Backup. The server may lag for a bit!
[00:53:15] [AromaBackup/INFO]: [§1AromaBackup§r] Server Backup done!
[00:53:15] [AromaBackup/INFO]: [§1AromaBackup§r] Next scheduled Backup in 30 minutes.
[00:53:51] [Server thread/INFO]: [lonesharku: Given [Scathed Music Disc] * 1 to lonesharku]
[00:55:13] [Server thread/INFO]: [lonesharku: Given [Scathed Music Disc] * 1 to lonesharku]
[00:55:57] [Server thread/INFO]: [lonesharku: Given [Dry Creative Sponge] * 1 to lonesharku]
[00:56:00] [Server thread/INFO]: [lonesharku: Given [Dry Creative Sponge] * 1 to lonesharku]
[00:56:01] [Server thread/INFO]: [lonesharku: Given [Dry Creative Sponge] * 1 to lonesharku]
[00:56:56] [Server thread/INFO]: [lonesharku: Given [Sponge] * 64 to lonesharku]
[00:57:01] [Timer-0/INFO]: Player Trisimix is now AFK
[00:57:09] [Server thread/INFO]: [lonesharku: Given [Sponge] * 64 to lonesharku]
[00:57:31] [Server thread/INFO]: [lonesharku: Given [Sponge] * 1 to lonesharku]
[00:58:27] [Server thread/INFO]: [lonesharku: Given [§fNetherrack Longsword] * 1 to lonesharku]
[00:59:35] [Server thread/INFO]: [lonesharku: Given [Music Disc] * 1 to lonesharku]
[00:59:50] [Server thread/INFO]: Player Trisimix is not AFK any more
[01:00:14] [Server thread/INFO]: [§cOP§f]<Trisimix> hey
[01:00:21] [Server thread/INFO]: [§cOP§f]<demoman1000> Hey
[01:00:52] [Server thread/INFO]: [lonesharku: Given [Music Disc] * 1 to lonesharku]
[01:04:51] [Server thread/INFO]: [lonesharku: Given [Music Disc] * 1 to lonesharku]
[01:05:10] [Server thread/INFO]: [lonesharku: Given [Music Disc] * 1 to lonesharku]
[01:05:27] [Server thread/INFO]: [lonesharku: Given [Music Disc] * 1 to lonesharku]
[01:10:11] [Server thread/INFO]: [§cOP§f]<Trisimix> -171 64 22
[01:10:16] [Server thread/INFO]: [§cOP§f]<Trisimix> -171 64 220
[01:11:20] [Server thread/INFO]: [§cOP§f]<Trisimix> -241
[01:11:23] [Server thread/INFO]: [§cOP§f]<Trisimix> 67
[01:11:27] [Server thread/INFO]: [§cOP§f]<Trisimix> -259
[01:20:06] [Server thread/INFO]: [lonesharku: Given [Flint and Steel] * 1 to lonesharku]
[01:22:46] [Thread-188/INFO]: Starting backup of dimensions -7, -13, -14, -15, -16, -112, -18, -20, -21, -28, 69, -29, -30, -31, -33, -34, -35, -36, -40, -41, -43, -82, -83, -84, -85, -87, -88, -89, -1, 0
[01:22:53] [Thread-188/INFO]: Backup finished!
[01:23:17] [AromaBackup/INFO]: [§1AromaBackup§r] Starting Backup. The server may lag for a bit!
[01:23:26] [AromaBackup/INFO]: [§1AromaBackup§r] Server Backup done!
[01:23:26] [AromaBackup/INFO]: [§1AromaBackup§r] Next scheduled Backup in 30 minutes.
[01:24:11] [Server thread/INFO]: [§cOP§f]<Trisimix> omg
[01:26:06] [Server thread/INFO]: [lonesharku: Given [Flint Large Plate] * 64 to lonesharku]
[01:26:18] [Server thread/INFO]: [lonesharku: Given [§fFlint Javelin] * 1 to lonesharku]
[01:30:18] [Server thread/INFO]: [lonesharku: Given [Flint and Blaze] * 1 to lonesharku]
[01:30:23] [Server thread/INFO]: [lonesharku: Given [§fFlint Shuriken] * 1 to lonesharku]
[01:30:42] [Server thread/INFO]: [lonesharku: Given [§fFlint Throwing Knife] * 1 to lonesharku]
[01:32:13] [Timer-0/INFO]: Player Trisimix is now AFK
[01:32:46] [Server thread/INFO]: Player Trisimix is not AFK any more
[01:35:53] [Server thread/INFO]: [§cOP§f]<demoman1000> test
[01:36:14] [Server thread/INFO]: [lonesharku: Given [Dispenser Upgrade] * 64 to lonesharku]
[01:36:19] [Server thread/INFO]: [lonesharku: Given [Dispenser] * 1 to lonesharku]
[01:36:22] [Server thread/INFO]: [lonesharku: Given [Red Stringed Dispenser] * 1 to lonesharku]
[01:37:29] [Server thread/INFO]: [lonesharku: Given [§fUnstable Induced Shuriken] * 1 to lonesharku]
[01:37:30] [Server thread/INFO]: [lonesharku: Given [§fUnstable Induced Shuriken] * 1 to lonesharku]
[01:37:30] [Server thread/INFO]: [lonesharku: Given [§fUnstable Induced Shuriken] * 1 to lonesharku]
[01:37:30] [Server thread/INFO]: [lonesharku: Given [§fUnstable Induced Shuriken] * 1 to lonesharku]
[01:37:30] [Server thread/INFO]: [lonesharku: Given [§fUnstable Induced Shuriken] * 1 to lonesharku]
[01:37:38] [Server thread/INFO]: [lonesharku: Given [§fUnstable Induced Shuriken] * 1 to lonesharku]
[01:37:38] [Server thread/INFO]: [lonesharku: Given [§fUnstable Induced Shuriken] * 1 to lonesharku]
[01:37:38] [Server thread/INFO]: [lonesharku: Given [§fUnstable Induced Shuriken] * 1 to lonesharku]
[01:37:39] [Server thread/INFO]: [lonesharku: Given [§fUnstable Induced Shuriken] * 1 to lonesharku]
[01:37:52] [Server thread/INFO]: [lonesharku: Given [Air Cannon] * 64 to lonesharku]
[01:38:05] [Server thread/INFO]: [lonesharku: Given [Witch Hunter Hat] * 1 to lonesharku]
[01:38:05] [Server thread/INFO]: [lonesharku: Given [Witch Hunter Coat] * 1 to lonesharku]
[01:38:06] [Server thread/INFO]: [lonesharku: Given [Witch Hunter Trousers] * 1 to lonesharku]
[01:38:06] [Server thread/INFO]: [lonesharku: Given [Witch Hunter Boots] * 1 to lonesharku]
[01:39:02] [Server thread/INFO]: [lonesharku: Given [Redstone Torch] * 64 to lonesharku]
[01:40:02] [Server thread/INFO]: [lonesharku: Given [item.InfiTool.name] * ∞ to lonesharku]
[01:40:03] [Server thread/INFO]: [lonesharku: Given [item.InfiTool.name] * ∞ to lonesharku]
[01:40:16] [Server thread/INFO]: [lonesharku: Given [item.InfiTool.name] * ∞ to lonesharku]
[01:40:51] [Timer-0/INFO]: Player Trisimix is now AFK
[01:41:21] [Server thread/INFO]: [lonesharku: Given [§fUnstable Induced Shuriken] * 1 to lonesharku]
[01:41:29] [Server thread/INFO]: [lonesharku: Given [§fUnstable Induced Shuriken] * 1 to lonesharku]
[01:41:32] [Server thread/INFO]: [lonesharku: Given [§fUnstable Induced Shuriken] * 1 to lonesharku]
[01:41:34] [Server thread/INFO]: [lonesharku: Given [§fUnstable Induced Shuriken] * 1 to lonesharku]
[01:41:36] [Server thread/INFO]: [lonesharku: Given [§fUnstable Induced Shuriken] * 1 to lonesharku]
[01:41:38] [Server thread/INFO]: [lonesharku: Given [§fPink Slime Shuriken] * 1 to lonesharku]
[01:41:41] [Server thread/INFO]: [lonesharku: Given [§fPink Slime Shuriken] * 1 to lonesharku]
[01:41:43] [Server thread/INFO]: [lonesharku: Given [§fPink Slime Shuriken] * 1 to lonesharku]
[01:44:27] [Server thread/INFO]: [lonesharku: Given [Energized Glowstone Bucket] * 1 to lonesharku]
[01:44:48] [Server thread/INFO]: [lonesharku: Given [§fBedrockium Shuriken] * 1 to lonesharku]
[01:45:10] [Server thread/INFO]: [lonesharku: Given [§fBedrockium Shuriken] * 1 to lonesharku]
[01:45:10] [Server thread/INFO]: [lonesharku: Given [§fBedrockium Shuriken] * 1 to lonesharku]
[01:45:11] [Server thread/INFO]: [lonesharku: Given [§fBedrockium Shuriken] * 1 to lonesharku]
[01:45:11] [Server thread/INFO]: [lonesharku: Given [§fBedrockium Shuriken] * 1 to lonesharku]
[01:45:11] [Server thread/INFO]: [lonesharku: Given [§fBedrockium Shuriken] * 1 to lonesharku]
[01:45:11] [Server thread/INFO]: [lonesharku: Given [§fBedrockium Shuriken] * 1 to lonesharku]
[01:45:12] [Server thread/INFO]: [lonesharku: Given [§fBedrockium Shuriken] * 1 to lonesharku]
[01:45:27] [Server thread/INFO]: [lonesharku: Given [§fBedrockium Shuriken] * 1 to lonesharku]
[01:45:51] [Server thread/INFO]: [lonesharku: Given [§fMagical Wooden Shuriken] * 1 to lonesharku]
[01:47:53] [Server thread/INFO]: [lonesharku: Given [Firework display] * 1 to lonesharku]
[01:47:55] [Server thread/INFO]: [lonesharku: Given [Firework Star] * 64 to lonesharku]
[01:47:55] [Server thread/INFO]: [lonesharku: Given [Firework Star] * 64 to lonesharku]
[01:47:56] [Server thread/INFO]: [lonesharku: Given [Firework Star] * 64 to lonesharku]
[01:47:56] [Server thread/INFO]: [lonesharku: Given [Firework Star] * 64 to lonesharku]
[01:49:09] [Server thread/INFO]: [lonesharku: Given [Dispenser] * 64 to lonesharku]
[01:51:52] [Server thread/INFO]: [lonesharku: Given [Magic Table] * 64 to lonesharku]
[01:52:47] [Server thread/INFO]: [lonesharku: Given [Flint and Blaze] * 1 to lonesharku]
[01:53:27] [AromaBackup/INFO]: [§1AromaBackup§r] Starting Backup. The server may lag for a bit!
[01:53:36] [AromaBackup/INFO]: [§1AromaBackup§r] Server Backup done!
[01:53:36] [AromaBackup/INFO]: [§1AromaBackup§r] Next scheduled Backup in 30 minutes.
[01:54:02] [Server thread/INFO]: [lonesharku: Given [§fFlint Arrows] * 1 to lonesharku]
[01:54:02] [Server thread/INFO]: [lonesharku: Given [§fFlint Arrows] * 1 to lonesharku]
[01:54:02] [Server thread/INFO]: [lonesharku: Given [§fFlint Arrows] * 1 to lonesharku]
[01:54:03] [Server thread/INFO]: [lonesharku: Given [§fFlint Arrows] * 1 to lonesharku]
[01:54:03] [Server thread/INFO]: [lonesharku: Given [§fFlint Arrows] * 1 to lonesharku]
[01:54:03] [Server thread/INFO]: [lonesharku: Given [§fFlint Arrows] * 1 to lonesharku]
[01:54:04] [Server thread/INFO]: [lonesharku: Given [§fFlint Arrows] * 1 to lonesharku]
[01:54:57] [Server thread/INFO]: [lonesharku: Given [Entropy Arrow] * 64 to lonesharku]
[01:55:15] [Server thread/INFO]: [lonesharku: Given [§fPig Iron Arrows] * 1 to lonesharku]
[01:55:25] [Server thread/INFO]: [lonesharku: Given [Mog's Quiver] * 1 to lonesharku]
[01:55:48] [Server thread/INFO]: [lonesharku: Given [Fire Arrow] * 64 to lonesharku]
[01:56:36] [Server thread/INFO]: [lonesharku: Given [Spawn Fire Golem] * 64 to lonesharku]
[01:56:36] [Server thread/INFO]: [lonesharku: Given [Spawn Fire Golem] * 64 to lonesharku]
[01:56:37] [Server thread/INFO]: [lonesharku: Given [Spawn Fire Golem] * 64 to lonesharku]
[01:56:37] [Server thread/INFO]: [lonesharku: Given [Spawn Fire Golem] * 64 to lonesharku]
[01:56:37] [Server thread/INFO]: [lonesharku: Given [Spawn Fire Golem] * 64 to lonesharku]
[01:56:38] [Server thread/INFO]: [lonesharku: Given [Spawn Fire Golem] * 64 to lonesharku]
[01:57:10] [Server thread/INFO]: [lonesharku: Given [Spawn Firebat] * 1 to lonesharku]
[01:57:13] [Server thread/INFO]: [lonesharku: Given [Spawn] * 1 to lonesharku]
[01:57:31] [Server thread/INFO]: [lonesharku: Given [Spawn] * 1 to lonesharku]
[01:59:10] [Server thread/INFO]: [lonesharku: Given [Death's Robe] * 1 to lonesharku]
[01:59:11] [Server thread/INFO]: [lonesharku: Given [Vampire Top Hat] * 1 to lonesharku]
[01:59:26] [Server thread/INFO]: lonesharku was blown up by demoman1000
[02:00:00] [Server thread/INFO]: lonesharku fell from a high place
[02:01:48] [Server thread/INFO]: [lonesharku: Given [Enderman Head] * 64 to lonesharku]
[02:01:58] [Server thread/INFO]: [lonesharku: Given [Isaac's Head] * 1 to lonesharku]
[02:02:06] [Server thread/INFO]: [lonesharku: Given [Hellhound Head] * 1 to lonesharku]
[02:02:11] [Server thread/INFO]: [lonesharku: Given [Wolf Head] * 1 to lonesharku]
[02:02:18] [Server thread/INFO]: [lonesharku: Given [Wolf Head] * 1 to lonesharku]
[02:02:20] [Server thread/INFO]: [demoman1000: Given [Ritual Chalk] * 64 to demoman1000]
[02:02:21] [Server thread/INFO]: [demoman1000: Given [Golden Chalk] * 64 to demoman1000]
[02:02:28] [Server thread/INFO]: [lonesharku: Given [Squid Head] * 1 to lonesharku]
[02:02:40] [Server thread/INFO]: [lonesharku: Given [Crayfish Head (Secret Item)] * 1 to lonesharku]
[02:02:52] [Server thread/INFO]: [demoman1000: Given [Altar] * 64 to demoman1000]
[02:03:01] [Server thread/INFO]: [demoman1000: Given [Altar] * 64 to demoman1000]
[02:03:17] [Server thread/INFO]: [demoman1000: Given [Chalice (Filled)] * 64 to demoman1000]
[02:03:20] [Server thread/INFO]: [lonesharku: Given [Gaia Guardian's Head] * 64 to lonesharku]
[02:03:48] [Server thread/INFO]: [lonesharku: Given [Enderman Head] * 1 to lonesharku]
[02:03:50] [Server thread/INFO]: [demoman1000: Given [Arthana] * 1 to demoman1000]
[02:03:54] [Server thread/INFO]: [lonesharku: Given [Enderman Head] * 64 to lonesharku]
[02:03:58] [Server thread/INFO]: [lonesharku: Given [Enderman Head] * 1 to lonesharku]
[02:04:06] [Server thread/INFO]: [lonesharku: Given [Gaia Guardian's Head] * 1 to lonesharku]
[02:04:07] [Server thread/INFO]: [demoman1000: Given [Candelabra] * 64 to demoman1000]
[02:04:27] [Server thread/INFO]: [lonesharku: Given [Enderman Head] * 1 to lonesharku]
[02:04:33] [Server thread/INFO]: [demoman1000: Given [Dragon Egg] * 64 to demoman1000]
[02:04:36] [Server thread/INFO]: [demoman1000: Given [Infinity Egg] * 64 to demoman1000]
[02:04:41] [Server thread/INFO]: [lonesharku: Given [Golden Head] * 1 to lonesharku]
[02:05:06] [Server thread/INFO]: [lonesharku: Given [Creeper Head] * 1 to lonesharku]
[02:05:15] [Server thread/INFO]: [demoman1000: Given [Redstone] * 64 to demoman1000]
[02:05:23] [Server thread/INFO]: [demoman1000: Given [Iron Axe] * 1 to demoman1000]
[02:05:26] [Server thread/INFO]: [demoman1000: Given [Wooden Axe] * 1 to demoman1000]
[02:05:32] [Server thread/INFO]: [lonesharku: Given [Zombie Head] * 1 to lonesharku]
[02:05:33] [Server thread/INFO]: [lonesharku: Given [Head] * 1 to lonesharku]
[02:05:41] [Server thread/INFO]: [demoman1000: Given [Wooden Sword] * 1 to demoman1000]
[02:05:42] [Server thread/INFO]: [demoman1000: Given [Iron Sword] * 1 to demoman1000]
[02:06:09] [Server thread/INFO]: [lonesharku: Given [item.exoskeletonHelmet.name] * 1 to lonesharku]
[02:06:10] [Server thread/INFO]: [demoman1000: Given [Witchcraft: Circle Magic] * 64 to demoman1000]
[02:06:20] [Server thread/INFO]: [lonesharku: Given [Spawn Skeletal Horse] * 64 to lonesharku]
[02:06:54] [Server thread/INFO]: [demoman1000: Given [Diamond Vapor] * 64 to demoman1000]
[02:06:57] [Server thread/INFO]: [lonesharku: Given [Wither Skeleton Skull] * 64 to lonesharku]
[02:07:02] [Server thread/INFO]: [demoman1000: Given [Exhale of the Horned One] * 64 to demoman1000]
[02:07:09] [Server thread/INFO]: [demoman1000: Given [Magma Cream] * 64 to demoman1000]
[02:07:18] [Server thread/INFO]: [demoman1000: Given [Arthana] * 1 to demoman1000]
[02:07:25] [Server thread/INFO]: [demoman1000: Given [Fermented Spider Eye] * 64 to demoman1000]
[02:07:32] [Server thread/INFO]: [lonesharku: Given [Saddle] * 1 to lonesharku]
[02:09:34] [Server thread/INFO]: [demoman1000: Given [Circle Talisman] * 16 to demoman1000]
[02:09:45] [Server thread/INFO]: [demoman1000: Given [Glowstone Dust] * 64 to demoman1000]
[02:09:51] [Server thread/INFO]: [lonesharku: Given [Flux-Infused Fishing Rod] * 1 to lonesharku]
[02:10:06] [Server thread/INFO]: [demoman1000: Given [Redstone] * 64 to demoman1000]
[02:12:00] [Server thread/INFO]: [demoman1000: Given [Drop of Luck] * 64 to demoman1000]
[02:12:11] [Server thread/INFO]: [demoman1000: Given [Raw Porkchop] * 64 to demoman1000]
[02:12:13] [Server thread/INFO]: [demoman1000: Given [Raw Porkchop?] * 64 to demoman1000]
[02:12:19] [Server thread/INFO]: [demoman1000: Given [Gold Ingot] * 64 to demoman1000]
[02:12:19] [Server thread/INFO]: [lonesharku: Given [Firework Rocket] * 64 to lonesharku]
[02:12:19] [Server thread/INFO]: [lonesharku: Given [Firework Rocket] * 64 to lonesharku]
[02:12:20] [Server thread/INFO]: [lonesharku: Given [Firework Rocket] * 64 to lonesharku]
[02:12:20] [Server thread/INFO]: [lonesharku: Given [Firework Rocket] * 64 to lonesharku]
[02:12:20] [Server thread/INFO]: [lonesharku: Given [Firework Rocket] * 64 to lonesharku]
[02:12:21] [Server thread/INFO]: [lonesharku: Given [Firework Rocket] * 64 to lonesharku]
[02:12:26] [Server thread/INFO]: [demoman1000: Given [Arthana] * 1 to demoman1000]
[02:12:26] [Server thread/INFO]: [lonesharku: Given [Fire Charge] * 64 to lonesharku]
[02:12:27] [Server thread/INFO]: [lonesharku: Given [Fire Charge] * 64 to lonesharku]
[02:12:27] [Server thread/INFO]: [lonesharku: Given [Fire Charge] * 64 to lonesharku]
[02:12:54] [Server thread/INFO]: [demoman1000: Given [Diamond] * 64 to demoman1000]
[02:13:55] [Server thread/INFO]: [demoman1000: Given [Redstone Torch] * 64 to demoman1000]
[02:15:02] [Server thread/INFO]: [demoman1000: Given [Fire Charge] * ∞ to demoman1000]
[02:15:03] [Server thread/INFO]: [demoman1000: Given [Fire Charge] * 64 to demoman1000]
[02:15:03] [Server thread/INFO]: [demoman1000: Given [Fire Charge] * 64 to demoman1000]
[02:15:03] [Server thread/INFO]: [demoman1000: Given [Fire Charge] * 64 to demoman1000]
[02:15:04] [Server thread/INFO]: [demoman1000: Given [Fire Charge] * 64 to demoman1000]
[02:15:04] [Server thread/INFO]: [demoman1000: Given [Fire Charge] * ∞ to demoman1000]
[02:15:04] [Server thread/INFO]: [demoman1000: Given [Fire Charge] * ∞ to demoman1000]
[02:15:05] [Server thread/INFO]: [demoman1000: Given [Fire Charge] * ∞ to demoman1000]
[02:15:06] [Server thread/INFO]: [demoman1000: Given [Fire Charge] * ∞ to demoman1000]
[02:15:06] [Server thread/INFO]: [demoman1000: Given [Fire Charge] * ∞ to demoman1000]
[02:15:07] [Server thread/INFO]: [demoman1000: Given [Fire Charge] * ∞ to demoman1000]
[02:15:07] [Server thread/INFO]: [demoman1000: Given [Fire Charge] * ∞ to demoman1000]
[02:15:12] [Server thread/INFO]: [demoman1000: Given [Fire Charge] * ∞ to demoman1000]
[02:15:13] [Server thread/INFO]: [demoman1000: Given [Fire Charge] * ∞ to demoman1000]
[02:15:13] [Server thread/INFO]: [demoman1000: Given [Fire Charge] * ∞ to demoman1000]
[02:15:13] [Server thread/INFO]: [demoman1000: Given [Fire Charge] * ∞ to demoman1000]
[02:15:13] [Server thread/INFO]: [demoman1000: Given [Fire Charge] * ∞ to demoman1000]
[02:15:14] [Server thread/INFO]: [demoman1000: Given [Fire Charge] * ∞ to demoman1000]
[02:15:14] [Server thread/INFO]: [demoman1000: Given [Fire Charge] * ∞ to demoman1000]
[02:15:17] [Server thread/INFO]: [demoman1000: Given [Fire Charge] * ∞ to demoman1000]
[02:15:21] [Server thread/INFO]: [demoman1000: Given [Fire Charge] * 64 to demoman1000]
[02:15:21] [Server thread/INFO]: [demoman1000: Given [Fire Charge] * 64 to demoman1000]
[02:15:22] [Server thread/INFO]: [demoman1000: Given [Fire Charge] * 64 to demoman1000]
[02:15:22] [Server thread/INFO]: [demoman1000: Given [Fire Charge] * 64 to demoman1000]
[02:15:22] [Server thread/INFO]: [demoman1000: Given [Fire Charge] * 64 to demoman1000]
[02:15:22] [Server thread/INFO]: [demoman1000: Given [Fire Charge] * 64 to demoman1000]
[02:15:37] [Server thread/INFO]: [lonesharku: Given [Mana in a Bottle] * 1 to lonesharku]
[02:16:16] [Server thread/INFO]: [lonesharku: Given [Red Glasses] * 1 to lonesharku]
[02:17:53] [Server thread/INFO]: [demoman1000: Given [Spawn] * 64 to demoman1000]
[02:19:39] [Server thread/INFO]: [demoman1000: Game rule has been updated]
[02:21:05] [Server thread/INFO]: [demoman1000: Given [Giant's Sword] * 1 to demoman1000]
[02:22:46] [Thread-238/INFO]: Starting backup of dimensions -7, -13, -14, -15, -16, -112, -18, -20, -21, -28, 69, -29, -30, -31, -33, -34, -35, -36, -40, -41, -43, -82, -83, -84, -85, -87, -88, -89, -1, 0
[02:22:50] [Server thread/INFO]: [lonesharku: Given [Pink Slime Bucket] * 1 to lonesharku]
[02:22:54] [Thread-238/INFO]: Backup finished!
[02:23:01] [Server thread/INFO]: [demoman1000: Given [Fire Charge] * ∞ to demoman1000]
[02:23:07] [Server thread/INFO]: [demoman1000: Given [Fire Charge] * ∞ to demoman1000]
[02:23:07] [Server thread/INFO]: [demoman1000: Given [Fire Charge] * ∞ to demoman1000]
[02:23:07] [Server thread/INFO]: [demoman1000: Given [Fire Charge] * ∞ to demoman1000]
[02:23:07] [Server thread/INFO]: [lonesharku: Given [Liquified Slime] * 1 to lonesharku]
[02:23:08] [Server thread/INFO]: [demoman1000: Given [Fire Charge] * ∞ to demoman1000]
[02:23:10] [Server thread/INFO]: [demoman1000: Given [Fire Charge] * 64 to demoman1000]
[02:23:10] [Server thread/INFO]: [demoman1000: Given [Fire Charge] * 64 to demoman1000]
[02:23:10] [Server thread/INFO]: [demoman1000: Given [Fire Charge] * 64 to demoman1000]
[02:23:14] [Server thread/INFO]: [demoman1000: Given [Fire Charge] * 64 to demoman1000]
[02:23:14] [Server thread/INFO]: [demoman1000: Given [Fire Charge] * 64 to demoman1000]
[02:23:14] [Server thread/INFO]: [demoman1000: Given [Fire Charge] * 64 to demoman1000]
[02:23:37] [AromaBackup/INFO]: [§1AromaBackup§r] Starting Backup. The server may lag for a bit!
[02:23:39] [Server thread/INFO]: [lonesharku: Given [Congealed Blue Slime] * 64 to lonesharku]
[02:23:47] [AromaBackup/INFO]: [§1AromaBackup§r] Server Backup done!
[02:23:47] [AromaBackup/INFO]: [§1AromaBackup§r] Next scheduled Backup in 30 minutes.
[02:24:07] [Server thread/INFO]: [lonesharku: Given [Liquid Slime Bucket] * 1 to lonesharku]
[02:24:29] [Server thread/INFO]: [lonesharku: Given [Saturn Slime Ore] * 64 to lonesharku]
[02:29:13] [Server thread/INFO]: demoman1000 fell out of the world
[02:31:07] [Server thread/INFO]: [lonesharku: Given [Pink Slime] * 1 to lonesharku]
[02:32:05] [Server thread/INFO]: [lonesharku: Given [Congealed Purple Slime] * 64 to lonesharku]
[02:32:43] [Server thread/INFO]: [lonesharku: Given [Grass Block] * 1 to lonesharku]
[02:33:17] [Server thread/INFO]: [lonesharku: Given [Liquid Sunshine] * 64 to lonesharku]
[02:35:10] [Server thread/INFO]: [lonesharku: Given [§fLiquid DNA Tank] * 1 to lonesharku]
[02:35:49] [Server thread/INFO]: [lonesharku: Given [Bucket of Liquid Death] * 1 to lonesharku]
[02:36:11] [Server thread/INFO]: lonesharku was dissolved
[02:36:53] [Server thread/INFO]: [lonesharku: Given [Advanced Liquid Compressor] * 1 to lonesharku]
[02:37:08] [Server thread/INFO]: [lonesharku: Given [Altar of Light] * 1 to lonesharku]
[02:37:17] [Server thread/INFO]: [lonesharku: Given [Glowing Bread] * 1 to lonesharku]
[02:37:47] [Server thread/INFO]: [lonesharku: Given [Liquifacted Coal Bucket] * 1 to lonesharku]
[02:37:57] [Server thread/INFO]: [lonesharku: Given [Liquid DNA Bucket] * 1 to lonesharku]
[02:38:15] [Server thread/INFO]: [lonesharku: Given [Liquid Caramel] * 1 to lonesharku]
[02:38:58] [Server thread/INFO]: [lonesharku: Given [Energized Glowstone Bucket] * 1 to lonesharku]
[02:39:11] [Server thread/INFO]: [lonesharku: Given [Hollow Tears Bucket] * 1 to lonesharku]
[02:39:28] [Server thread/INFO]: [lonesharku: Given [Infernal Chalice] * 1 to lonesharku]
[02:39:43] [Server thread/INFO]: [lonesharku: Given [§fLiquid Hydrocarbon Tank] * 1 to lonesharku]
[02:39:59] [Server thread/INFO]: [lonesharku: Given [Liquid Chocolate] * 1 to lonesharku]
[02:40:28] [Server thread/INFO]: [lonesharku: Given [Liquified Ender Bucket] * 1 to lonesharku]
[02:40:48] [Server thread/INFO]: [lonesharku: Given [Liquid Crystallized Water] * 1 to lonesharku]
[02:40:58] [Server thread/INFO]: Player Trisimix is not AFK any more
[02:41:21] [Server thread/INFO]: [lonesharku: Given [Liquid Glowstone] * 1 to lonesharku]
[02:42:11] [Server thread/INFO]: [lonesharku: Given [Salamander's Eye] * 1 to lonesharku]
[02:42:42] [Server thread/INFO]: [lonesharku: Given [Liquifacted Coal] * 1 to lonesharku]
[02:44:05] [Server thread/INFO]: [lonesharku: Given [Liquid DNA] * 1 to lonesharku]
[02:44:35] [Server thread/INFO]: [demoman1000: Given [Glass] * 64 to demoman1000]
[02:45:06] [Server thread/INFO]: [lonesharku: Given [Angelic Feather] * 1 to lonesharku]
[02:45:15] [Server thread/INFO]: [lonesharku: Given [Coin of Fortune] * 1 to lonesharku]
[02:46:01] [Server thread/INFO]: [lonesharku: Given [Liquid Death] * 1 to lonesharku]
[02:46:11] [Server thread/INFO]: [lonesharku: Given [Water] * 1 to lonesharku]
[02:46:45] [Server thread/INFO]: [demoman1000: Given [Open Crate] * 64 to demoman1000]
[02:46:47] [Server thread/INFO]: [lonesharku: Given [Fire Water] * 1 to lonesharku]
[02:46:55] [Server thread/INFO]: [lonesharku: Given [Water Tank Siding] * 1 to lonesharku]
[02:47:17] [Server thread/INFO]: [demoman1000: Given [Ladder] * 64 to demoman1000]
[02:47:28] [Server thread/INFO]: [lonesharku: Given [Extrapolated Bucket] * 1 to lonesharku]
[02:47:41] [Server thread/INFO]: [lonesharku: Given [Zephyrean Aerotheum Bucket] * 1 to lonesharku]
[02:47:46] [Server thread/INFO]: [lonesharku: Given [Spirit Bucket] * 1 to lonesharku]
[02:47:46] [Server thread/INFO]: [lonesharku: Given [Hollow Tears Bucket] * 1 to lonesharku]
[02:49:13] [Server thread/INFO]: [demoman1000: Given [Magnum Torch] * 64 to demoman1000]
[02:50:09] [Server thread/INFO]: [lonesharku: Given [Bucket] * 16 to lonesharku]
[02:50:10] [Server thread/INFO]: [lonesharku: Given [Bucket] * 16 to lonesharku]
[02:50:44] [Server thread/INFO]: [lonesharku: Given [Destabilized Redstone Bucket] * 1 to lonesharku]
[02:51:32] [Server thread/INFO]: [lonesharku: Given [XP Bucket] * 1 to lonesharku]
[02:51:50] [Server thread/INFO]: [lonesharku: Given [Etching Acid Bucket] * 1 to lonesharku]
[02:52:21] [Server thread/INFO]: [lonesharku: Given [Milk Curds Bucket] * 1 to lonesharku]
[02:52:58] [Server thread/INFO]: [lonesharku: Given [Sake Bucket] * 1 to lonesharku]
[02:53:14] [Server thread/INFO]: [lonesharku: Given [Sake] * 1 to lonesharku]
[02:53:15] [Server thread/INFO]: [lonesharku: Given [Sake] * 4 to lonesharku]
[02:53:48] [AromaBackup/INFO]: [§1AromaBackup§r] Starting Backup. The server may lag for a bit!
[02:53:56] [AromaBackup/INFO]: [§1AromaBackup§r] Server Backup done!
[02:53:56] [AromaBackup/INFO]: [§1AromaBackup§r] Next scheduled Backup in 30 minutes.
[02:54:12] [Server thread/INFO]: [demoman1000: Given [Splash Potion of Instability] * 1 to demoman1000]
[02:54:51] [Server thread/INFO]: [lonesharku: Given [Divine Sake] * 1 to lonesharku]
[02:54:52] [Server thread/INFO]: [lonesharku: Given [Divine Sake] * 4 to lonesharku]
[02:54:52] [Server thread/INFO]: [lonesharku: Given [Divine Sake] * 4 to lonesharku]
[02:55:47] [Server thread/INFO]: [lonesharku: Given [Milk Curds Bottle] * 1 to lonesharku]
[02:57:31] [Server thread/INFO]: [lonesharku: Given [Milk Curds Bucket] * 1 to lonesharku]
[02:57:38] [Server thread/INFO]: [lonesharku: Given [Milk Bucket] * 1 to lonesharku]
[02:57:47] [Server thread/INFO]: [lonesharku: Given [Strawberry Milkshake] * 1 to lonesharku]
[02:57:58] [Server thread/INFO]: [lonesharku: Given [Coconut Milk] * 1 to lonesharku]
[02:58:08] [Server thread/INFO]: [lonesharku: Given [Gooseberry Milkshake] * 1 to lonesharku]
[02:58:14] [Server thread/INFO]: [lonesharku: Given [Milk Bottle] * 1 to lonesharku]
[02:58:59] [Server thread/INFO]: [lonesharku: Given [Bucket of Blood] * 1 to lonesharku]
[02:59:06] [Server thread/INFO]: [lonesharku: Given [Blood Bucket] * 1 to lonesharku]
[02:59:14] [Server thread/INFO]: [lonesharku: Given [Meat Bucket] * 1 to lonesharku]
[02:59:29] [Server thread/INFO]: [lonesharku: Given [Honey Bucket] * 1 to lonesharku]
[03:00:04] [Server thread/INFO]: [lonesharku: Given [Biomass Bucket] * 1 to lonesharku]
[03:00:21] [Server thread/INFO]: [lonesharku: Given [Ender Goo Bucket] * 1 to lonesharku]
[03:00:37] [Server thread/INFO]: [lonesharku: Given [Bucket of Purifying Fluid] * 1 to lonesharku]
[03:03:36] [Server thread/INFO]: [lonesharku: Given [Water Bucket] * 1 to lonesharku]
[03:05:38] [Server thread/INFO]: [lonesharku: Given [Lubricant Bucket] * 1 to lonesharku]
[03:05:47] [Server thread/INFO]: [demoman1000: Given [Mushroom] * 64 to demoman1000]
[03:05:48] [Server thread/INFO]: [demoman1000: Given [Mushroom] * 64 to demoman1000]
[03:05:50] [Server thread/INFO]: [demoman1000: Given [Huge Mushgloom] * 64 to demoman1000]
[03:06:28] [Server thread/INFO]: [lonesharku: Given [Rennet Bucket] * 1 to lonesharku]
[03:06:48] [Server thread/INFO]: [lonesharku: Given [Tectonic Petrotheum Bucket] * 1 to lonesharku]
[03:06:59] [Server thread/INFO]: [lonesharku: Given [BioFuel Bucket] * 1 to lonesharku]
[03:07:12] [Server thread/INFO]: [lonesharku: Given [Kerosene Bucket] * 1 to lonesharku]
[03:07:22] [Server thread/INFO]: [lonesharku: Given [Brine Bucket] * 1 to lonesharku]
[03:07:33] [Server thread/INFO]: [lonesharku: Given [Essence Bucket] * 1 to lonesharku]
[03:07:40] [Server thread/INFO]: [lonesharku: Given [Vile Milk Bucket] * 1 to lonesharku]
[03:08:10] [Server thread/INFO]: [lonesharku: Given [Latex Bucket] * 1 to lonesharku]
[03:08:11] [Server thread/INFO]: [demoman1000: Given [Sandstone Stairs] * 64 to demoman1000]
[03:08:15] [Server thread/INFO]: [demoman1000: Given [Sandstone] * 64 to demoman1000]
[03:08:19] [Server thread/INFO]: [lonesharku: Given [Silken Nectar Bucket] * 1 to lonesharku]
[03:08:33] [Server thread/INFO]: [lonesharku: Given [Salt Water Bucket] * 1 to lonesharku]
[03:08:45] [Server thread/INFO]: [lonesharku: Given [Sewage Bucket] * 1 to lonesharku]
[03:09:13] [Server thread/INFO]: [lonesharku: Given [Destabilized Redstone Bucket] * 1 to lonesharku]
[03:09:13] [Server thread/INFO]: [lonesharku: Given [Energized Glowstone Bucket] * 1 to lonesharku]
[03:09:54] [Server thread/INFO]: [lonesharku: Given [Bucket] * 16 to lonesharku]
[03:10:50] [Server thread/INFO]: [lonesharku: Given [Blazing Pyrotheum Bucket] * 1 to lonesharku]
[03:11:44] [Server thread/INFO]: [lonesharku: Given [Resonant Ender Bucket] * 1 to lonesharku]
[03:11:55] [Server thread/INFO]: [lonesharku: Given [Molten Obsidian Bucket] * 1 to lonesharku]
[03:12:11] [Server thread/INFO]: [lonesharku: Given [Resonant Ender Bucket] * 1 to lonesharku]
[03:12:12] [Server thread/INFO]: [lonesharku: Given [Liquified Ender Bucket] * 1 to lonesharku]
[03:12:22] [Server thread/INFO]: [lonesharku: Given [Ender Air Bottle] * 1 to lonesharku]
[03:12:38] [Server thread/INFO]: [lonesharku: Given [Ender Goo Bucket] * 1 to lonesharku]
[03:12:45] [Timer-0/INFO]: Player Trisimix is now AFK
[03:12:50] [Server thread/INFO]: [lonesharku: Given [tile.laserBeam.name] * 1 to lonesharku]
[03:13:15] [Server thread/INFO]: [lonesharku: Given [Molten Enderium] * 1 to lonesharku]
[03:13:22] [Server thread/INFO]: [lonesharku: Given [Liquified Ender] * 1 to lonesharku]
[03:16:10] [Server thread/INFO]: [lonesharku: Given [Block of Lavender Quartz] * 64 to lonesharku]
[03:17:24] [Server thread/INFO]: [demoman1000: Given [TNT] * 64 to demoman1000]
[03:17:48] [Server thread/INFO]: [demoman1000: Given [Redstone Torch] * 64 to demoman1000]
[03:18:33] [Server thread/INFO]: [lonesharku: Given [Concentrated Cloud Seed] * 64 to lonesharku]
[03:19:21] [Server thread/INFO]: [lonesharku: Given [Cloud Seed] * 1 to lonesharku]
[03:19:32] [Server thread/INFO]: [lonesharku: Given [Conduit Connector] * 1 to lonesharku]
[03:19:54] [Server thread/INFO]: [lonesharku: Given [Hootch] * 1 to lonesharku]
[03:20:29] [Server thread/INFO]: [lonesharku: Given [Nutrient Distillation] * 1 to lonesharku]
[03:20:43] [Server thread/INFO]: [lonesharku: Given [tile.blockLightNode.name] * 1 to lonesharku]
[03:21:23] [Server thread/INFO]: [lonesharku: Given [Glass Pane] * 64 to lonesharku]
[03:22:38] [Server thread/INFO]: [lonesharku: Given [Liquid Glowstone] * 1 to lonesharku]
[03:22:46] [Thread-294/INFO]: Starting backup of dimensions -7, -13, -14, -15, -16, -112, -18, -20, -21, -28, 69, -29, -30, -31, -33, -34, -35, -36, -40, -41, -43, -82, -83, -84, -85, -87, -88, -89, -1, 0
[03:22:53] [Thread-294/INFO]: Backup finished!
[03:23:33] [Server thread/INFO]: [lonesharku: Given [Liquid Sunshine] * 1 to lonesharku]
[03:23:50] [Server thread/INFO]: [lonesharku: Given [Liquid Glass] * 1 to lonesharku]
[03:23:58] [AromaBackup/INFO]: [§1AromaBackup§r] Starting Backup. The server may lag for a bit!
[03:24:07] [AromaBackup/INFO]: [§1AromaBackup§r] Server Backup done!
[03:24:07] [AromaBackup/INFO]: [§1AromaBackup§r] Next scheduled Backup in 30 minutes.
[03:24:55] [Server thread/INFO]: [lonesharku: Given [Liquified Slime] * 1 to lonesharku]
[03:30:01] [Server thread/INFO]: [lonesharku: Given [Liquified Emerald Bucket] * 1 to lonesharku]
[03:32:23] [Server thread/INFO]: [lonesharku: Given [Liquid Death] * 1 to lonesharku]
[03:32:50] [Server thread/INFO]: [lonesharku: Given [Bucket of Liquid Death] * 1 to lonesharku]
[03:35:52] [Server thread/INFO]: demoman1000 tried to swim in lava
[03:35:53] [Server thread/INFO]: lonesharku fell from a high place
[03:36:51] [Server thread/INFO]: lonesharku has just earned the achievement [Getting Wood]
[03:37:22] [Server thread/INFO]: lonesharku tried to swim in lava
[03:38:08] [Server thread/INFO]: demoman1000 tried to swim in lava
[03:38:45] [Server thread/INFO]: demoman1000 was slain by Iron Golem
[03:39:46] [Server thread/INFO]: [§cOP§f]<lonesharku> #### you tris
[03:40:23] [Server thread/INFO]: [§cOP§f]<demoman1000> F you lonesharku You stupid looking mother @#$@#$@. You cant do jack
[03:40:43] [Server thread/INFO]: [demoman1000: Kicked lonesharku from the game]
[03:40:43] [Server thread/INFO]: lonesharku lost connection: TextComponent{text='Kicked by an operator.', siblings=[], style=Style{hasParent=false, color=null, bold=null, italic=null, underlined=null, obfuscated=null, clickEvent=null, hoverEvent=null}}
[03:40:43] [Server thread/INFO]: lonesharku left the game
[03:40:57] [User Authenticator #4/INFO]: UUID of player lonesharku is 9452abd6-6f34-4d53-a73a-54f549890a7c
[03:40:58] [Server thread/INFO]: lonesharku[/107.131.253.138:52381] logged in with entity id 614627 at (-250.5423754966065, 75.207937557136, -250.94065531476596)
[03:40:58] [Server thread/INFO]: lonesharku joined the game
[03:41:34] [Server thread/INFO]: [lonesharku: Given [§fLiquid Hydrocarbon Tank] * 1 to lonesharku]
[03:41:48] [Server thread/INFO]: [demoman1000: Given [Iron Block] * 64 to demoman1000]
[03:42:05] [Server thread/INFO]: [demoman1000: Given [Block of Iron] * 64 to demoman1000]
[03:42:51] [Server thread/INFO]: [lonesharku: Given [Statue of The Goddess] * 64 to lonesharku]
[03:42:57] [Server thread/INFO]: [demoman1000: Given [Iron Bars] * 64 to demoman1000]
[03:43:40] [Server thread/INFO]: [demoman1000: Given [item.PortalGunOrange.name] * 1 to demoman1000]
[03:43:50] [Server thread/INFO]: [demoman1000: Given [item.PortalGunOrange.name] * 1 to demoman1000]
[03:48:18] [Server thread/INFO]: [demoman1000: Given [Mushroom] * 64 to demoman1000]
[03:48:19] [Server thread/INFO]: [demoman1000: Given [Mushroom] * 64 to demoman1000]
[03:49:28] [Server thread/INFO]: [demoman1000: Given [Huge Mushgloom] * 64 to demoman1000]
[03:50:42] [Server thread/INFO]: [lonesharku: Given [Mushroom Soup] * 1 to lonesharku]
[03:52:04] [Server thread/INFO]: lonesharku was dissolved
[03:54:08] [AromaBackup/INFO]: [§1AromaBackup§r] Starting Backup. The server may lag for a bit!
[03:54:17] [AromaBackup/INFO]: [§1AromaBackup§r] Server Backup done!
[03:54:17] [AromaBackup/INFO]: [§1AromaBackup§r] Next scheduled Backup in 30 minutes.
[03:55:59] [Server thread/INFO]: [lonesharku: Given [Tier 3 Rocket] * 1 to lonesharku]
[03:56:19] [Server thread/INFO]: [lonesharku: Given [Marbled White] * 1 to lonesharku]
[03:56:52] [Server thread/INFO]: [lonesharku: Given [Can of Food] * 1 to lonesharku]
[03:57:14] [Server thread/INFO]: [lonesharku: Given [Bacterial Sludge Bucket] * 1 to lonesharku]
[03:58:58] [Server thread/INFO]: [lonesharku: Given [Bacterial Sludge Bucket] * 1 to lonesharku]
[03:59:55] [Server thread/INFO]: Player Trisimix is not AFK any more
[03:59:56] [Server thread/INFO]: lonesharku was slain by entity.GalacticraftMars.Sludgeling.name
[04:00:35] [Server thread/INFO]: [§cOP§f]<Trisimix> why are you still at spawn lol
[04:00:46] [Server thread/INFO]: [§cOP§f]<demoman1000> We are at mush
[04:00:56] [Server thread/INFO]: [§cOP§f]<Trisimix> why is the portal surrounded by fence
[04:00:56] [Server thread/INFO]: [lonesharku: Given [Bacterial Sludge Bucket] * 1 to lonesharku]
[04:01:10] [Server thread/INFO]: [§cOP§f]<Trisimix> reeee
[04:01:13] [Server thread/INFO]: [lonesharku: Given [Beacon] * 64 to lonesharku]
[04:01:27] [Timer-0/INFO]: Player Trisimix is now AFK
[04:02:15] [Server thread/INFO]: [lonesharku: Given [Mushroom] * 1 to lonesharku]
[04:02:22] [Server thread/INFO]: [lonesharku: Given [Mushroom Soup] * 1 to lonesharku]
[04:03:05] [Server thread/INFO]: [lonesharku: Given [Cauldron] * 1 to lonesharku]
[04:03:59] [Server thread/INFO]: lonesharku suffocated in a wall
[04:05:22] [Server thread/INFO]: [demoman1000: Given [Oak Wood Planks] * 64 to demoman1000]
[04:09:56] [Server thread/INFO]: [lonesharku: Given [Huge Mushgloom] * 1 to lonesharku]
[04:10:00] [Server thread/INFO]: [lonesharku: Given [§fMushroom Soup Tank] * 1 to lonesharku]
[04:10:06] [Server thread/INFO]: [lonesharku: Given [Mushroom] * 1 to lonesharku]
[04:10:08] [Server thread/INFO]: [lonesharku: Given [Mushroom] * 1 to lonesharku]
[04:11:22] [Server thread/INFO]: [lonesharku: Given [Mushroom Soup] * 64 to lonesharku]
[04:11:43] [Server thread/INFO]: [lonesharku: Given [Hotspring Water] * 1 to lonesharku]
[04:11:52] [Server thread/INFO]: [lonesharku: Given [Glowing Water] * 1 to lonesharku]
[04:12:03] [Server thread/INFO]: [lonesharku: Given [Frozen Water] * 1 to lonesharku]
[04:12:08] [Server thread/INFO]: [lonesharku: Given [Radioactive Water] * 1 to lonesharku]
[04:12:16] [Server thread/INFO]: [lonesharku: Given [Super Soapy Water] * 1 to lonesharku]
[04:12:27] [Server thread/INFO]: [lonesharku: Given [Fire Water] * 1 to lonesharku]
[04:12:41] [Server thread/INFO]: [lonesharku: Given [Salt Water Bucket] * 1 to lonesharku]
[04:12:51] [Server thread/INFO]: [lonesharku: Given [Frozen Water Bucket] * 1 to lonesharku]
[04:13:56] [Server thread/INFO]: [lonesharku: Given [Liquid Crystallized Water] * 1 to lonesharku]
[04:14:19] [Server thread/INFO]: [lonesharku: Given [Fire Water Bucket] * 1 to lonesharku]
[04:14:33] [Server thread/INFO]: [lonesharku: Given [Water Omega Boots] * 1 to lonesharku]
[04:14:34] [Server thread/INFO]: [lonesharku: Given [Water Omega Leggings] * 1 to lonesharku]
[04:14:34] [Server thread/INFO]: [lonesharku: Given [Water Omega Plate] * 1 to lonesharku]
[04:14:35] [Server thread/INFO]: [lonesharku: Given [Water Omega Helmet] * 1 to lonesharku]
[04:14:47] [Server thread/INFO]: [lonesharku: Given [Water Spring] * 1 to lonesharku]
[04:15:34] [Server thread/INFO]: [lonesharku: Given [§fFlint Lumber Axe] * 1 to lonesharku]
[04:15:35] [Server thread/INFO]: [lonesharku: Given [Flint and Blaze] * 1 to lonesharku]
[04:17:26] [Server thread/INFO]: [lonesharku: Given [Sewage Bucket] * 1 to lonesharku]
[04:22:46] [Thread-339/INFO]: Starting backup of dimensions -7, -13, -14, -15, -16, -112, -18, -20, -21, -28, 69, -29, -30, -31, -33, -34, -35, -36, -40, -41, -43, -82, -83, -84, -85, -87, -88, -89, -1, 0
[04:22:53] [Thread-339/INFO]: Backup finished!
[04:24:18] [AromaBackup/INFO]: [§1AromaBackup§r] Starting Backup. The server may lag for a bit!
[04:24:27] [AromaBackup/INFO]: [§1AromaBackup§r] Server Backup done!
[04:24:27] [AromaBackup/INFO]: [§1AromaBackup§r] Next scheduled Backup in 30 minutes.
[04:26:22] [Server thread/INFO]: [lonesharku: Given [Dropper] * 1 to lonesharku]
[04:26:31] [Server thread/INFO]: [lonesharku: Given [Block of Redstone] * 1 to lonesharku]
[04:27:16] [Server thread/INFO]: [lonesharku: Given [Lever] * 1 to lonesharku]
[04:27:50] [Server thread/INFO]: [lonesharku: Given [Spawn] * 1 to lonesharku]
[04:28:05] [Server thread/INFO]: [lonesharku: Given [Spawn Eldritch Crab] * 1 to lonesharku]
[04:28:32] [Server thread/INFO]: [lonesharku: Given [Spawn Seawolf] * 1 to lonesharku]
[04:28:52] [Server thread/INFO]: [lonesharku: Given [Spawn Lost Soul] * 1 to lonesharku]
[04:29:00] [Server thread/INFO]: [lonesharku: Given [Spawn Taintfeeder] * 1 to lonesharku]
[04:29:10] [Server thread/INFO]: [lonesharku: Given [Spawn Chromatic Sheep] * 1 to lonesharku]
[04:29:18] [Server thread/INFO]: [lonesharku: Given [Spawn Guardian Panther] * 1 to lonesharku]
[04:29:19] [Server thread/INFO]: [lonesharku: Given [Spawn Self-Shearing Sheep] * 1 to lonesharku]
[04:30:10] [Server thread/INFO]: [lonesharku: Given [Cloud In A Bottle] * 1 to lonesharku]
[04:33:31] [Server thread/INFO]: [lonesharku: Given [Spawn Tainted Villager] * 1 to lonesharku]
[04:33:41] [Server thread/INFO]: [demoman1000: Given [Spawn] * 64 to demoman1000]
[04:34:23] [Server thread/INFO]: lonesharku was shot by Skeleton
[04:34:54] [Server thread/INFO]: [lonesharku: Given [Spawn] * 1 to lonesharku]
[04:35:13] [Server thread/INFO]: [lonesharku: Given [Spawn] * 1 to lonesharku]
[04:36:24] [Server thread/INFO]: [lonesharku: Given [Spawn] * 1 to lonesharku]
[04:36:40] [Server thread/INFO]: [lonesharku: Given [Spawn] * 1 to lonesharku]
[04:37:04] [Server thread/INFO]: [lonesharku: Given [Spawn] * 1 to lonesharku]
[04:37:24] [Server thread/INFO]: [demoman1000: Given [Flux-Infused Sword] * 1 to demoman1000]
[04:39:48] [Server thread/INFO]: [lonesharku: Given [Spawn] * 1 to lonesharku]
[04:40:56] [Server thread/INFO]: [lonesharku: Given [Spawn] * 1 to lonesharku]
[04:41:29] [Server thread/INFO]: [lonesharku: Given [Spawn] * 1 to lonesharku]
[04:41:42] [Server thread/INFO]: [lonesharku: Given [Spawn] * 1 to lonesharku]
[04:41:50] [Server thread/INFO]: [lonesharku: Given [Spawn] * 1 to lonesharku]
[04:41:59] [Server thread/INFO]: [lonesharku: Given [Spawn] * 1 to lonesharku]
[04:42:04] [Server thread/INFO]: [lonesharku: Given [Spawn] * 1 to lonesharku]
[04:42:47] [Server thread/INFO]: [lonesharku: Given [Spawn Homeland Enderman] * 1 to lonesharku]
[04:42:57] [Server thread/INFO]: [lonesharku: Given [Spawn Mind Spider] * 1 to lonesharku]
[04:43:08] [Server thread/INFO]: [lonesharku: Given [Spawn Scorching Lens] * 1 to lonesharku]
[04:43:16] [Server thread/INFO]: [lonesharku: Given [Spawn Ender Eye] * 1 to lonesharku]
[04:44:07] [Server thread/INFO]: [lonesharku: Given [Spawn Fire Golem] * 1 to lonesharku]
[04:44:27] [Server thread/INFO]: [lonesharku: Given [Spawn Fallen Steed] * 1 to lonesharku]
[04:44:33] [Server thread/INFO]: [lonesharku: Given [Spawn Wither Cat] * 1 to lonesharku]
[04:44:40] [Server thread/INFO]: [lonesharku: Given [Spawn Louse] * 1 to lonesharku]
[04:44:44] [Server thread/INFO]: [lonesharku: Given [Spawn Haunted Miner] * 1 to lonesharku]
[04:44:52] [Server thread/INFO]: [lonesharku: Given [Spawn Endermage] * 1 to lonesharku]
[04:45:29] [Server thread/INFO]: [lonesharku: Given [Spawn Thaumic Slime] * 1 to lonesharku]
[04:45:40] [Server thread/INFO]: [lonesharku: Given [Spawn Tainted Creeper] * 1 to lonesharku]
[04:45:48] [Server thread/INFO]: [lonesharku: Given [Spawn Taint Tendril] * 1 to lonesharku]
[04:45:59] [Server thread/INFO]: [lonesharku: Given [Spawn Gravekeeper] * 1 to lonesharku]
[04:46:08] [Server thread/INFO]: [lonesharku: Given [Spawn Giant Taintacle] * 1 to lonesharku]
[04:46:22] [Server thread/INFO]: [lonesharku: Given [Spawn %s the %s] * 1 to lonesharku]
[04:47:02] [Server thread/INFO]: [lonesharku: Given [Cloud In A Bottle] * 1 to lonesharku]
[04:47:21] [Server thread/INFO]: [lonesharku: Given [Demon Crystal] * 1 to lonesharku]
[04:47:51] [Server thread/INFO]: [lonesharku: Given [Spawn Homeland Enderman] * 1 to lonesharku]
[04:48:11] [Server thread/INFO]: [lonesharku: Given [Necromancy Spawner] * 1 to lonesharku]
[04:52:39] [Server thread/INFO]: [lonesharku: Given [Stone Killer] * 1 to lonesharku]
[04:53:14] [Server thread/INFO]: [lonesharku: Given [Weedkiller] * 1 to lonesharku]
[04:53:22] [Server thread/INFO]: [lonesharku: Given [Skillet] * 1 to lonesharku]
[04:54:07] [Server thread/INFO]: [demoman1000: Given [item.mtarAmmo.name] * 3 to demoman1000]
[04:54:09] [Server thread/INFO]: [lonesharku: Given [Poster] * 1 to lonesharku]
[04:54:29] [AromaBackup/INFO]: [§1AromaBackup§r] Starting Backup. The server may lag for a bit!
[04:54:38] [AromaBackup/INFO]: [§1AromaBackup§r] Server Backup done!
[04:54:38] [AromaBackup/INFO]: [§1AromaBackup§r] Next scheduled Backup in 30 minutes.
[04:54:57] [Server thread/INFO]: [lonesharku: Given [Scepter of Twilight] * 1 to lonesharku]
[04:54:59] [Server thread/INFO]: [lonesharku: Given [Scepter of Life Draining] * 1 to lonesharku]
[04:54:59] [Server thread/INFO]: [lonesharku: Given [Zombie Scepter] * 1 to lonesharku]
[04:57:03] [Server thread/INFO]: [lonesharku: Given [Carminite Reactor Debris] * 1 to lonesharku]
[04:57:49] [Server thread/INFO]: [lonesharku: Given [Fiery Blood] * 1 to lonesharku]
[04:57:59] [Server thread/INFO]: [lonesharku: Given [Anti-built Block] * 1 to lonesharku]
[04:58:09] [Server thread/INFO]: [lonesharku: Given [Giant Obsidian] * 1 to lonesharku]
[04:58:21] [Server thread/INFO]: [lonesharku: Given [Firefly Jar] * 1 to lonesharku]
[04:58:34] [Server thread/INFO]: [lonesharku: Given [tile.TFTrophy.0.name] * 1 to lonesharku]
[04:58:49] [Server thread/INFO]: [lonesharku: Given [Green Thorns] * 1 to lonesharku]
[04:59:12] [Server thread/INFO]: [lonesharku: Given [Huge Lily Pad] * 1 to lonesharku]
[04:59:32] [Server thread/INFO]: [lonesharku: Given [Twilight Forest Portal] * 1 to lonesharku]
[05:02:20] [Server thread/INFO]: [demoman1000: Given [item.at4Ammo.name] * 2 to demoman1000]
[05:03:30] [Server thread/INFO]: [demoman1000: Given [Minigun] * 1 to demoman1000]
[05:03:32] [Server thread/INFO]: [demoman1000: Given [item.minigunAmmo.name] * 1 to demoman1000]
[05:08:40] [Server thread/INFO]: demoman1000 lost connection: TranslatableComponent{key='disconnect.genericReason', args=[Internal Exception: java.io.IOException: Connection reset by peer], siblings=[], style=Style{hasParent=false, color=null, bold=null, italic=null, underlined=null, obfuscated=null, clickEvent=null, hoverEvent=null}}
[05:08:40] [Server thread/INFO]: demoman1000 left the game
[05:08:49] [Server thread/INFO]: lonesharku lost connection: TextComponent{text='Disconnected', siblings=[], style=Style{hasParent=false, color=null, bold=null, italic=null, underlined=null, obfuscated=null, clickEvent=null, hoverEvent=null}}
[05:08:49] [Server thread/INFO]: lonesharku left the game
[05:22:46] [Thread-390/INFO]: Starting backup of dimensions -7, -13, -14, -15, -16, -112, -18, -20, -21, -28, 69, -29, -30, -31, -33, -34, -35, -36, -40, -41, -43, -82, -83, -84, -85, -87, -88, -89, -1, 0
[05:22:53] [Thread-390/INFO]: Backup finished!
[05:24:39] [AromaBackup/INFO]: [§1AromaBackup§r] Starting Backup. The server may lag for a bit!
[05:24:47] [AromaBackup/INFO]: [§1AromaBackup§r] Server Backup done!
[05:24:47] [AromaBackup/INFO]: [§1AromaBackup§r] Next scheduled Backup in 30 minutes.
[05:54:49] [AromaBackup/INFO]: [§1AromaBackup§r] Starting Backup. The server may lag for a bit!
[05:54:57] [AromaBackup/INFO]: [§1AromaBackup§r] Server Backup done!
[05:54:57] [AromaBackup/INFO]: [§1AromaBackup§r] Next scheduled Backup in 30 minutes.
[06:22:46] [Thread-441/INFO]: Starting backup of dimensions -7, -13, -14, -15, -16, -112, -18, -20, -21, -28, 69, -29, -30, -31, -33, -34, -35, -36, -40, -41, -43, -82, -83, -84, -85, -87, -88, -89, -1, 0
[06:22:53] [Thread-441/INFO]: Backup finished!
[06:24:59] [AromaBackup/INFO]: [§1AromaBackup§r] Starting Backup. The server may lag for a bit!
[06:25:12] [AromaBackup/INFO]: [§1AromaBackup§r] Server Backup done!
[06:25:12] [AromaBackup/INFO]: [§1AromaBackup§r] Next scheduled Backup in 30 minutes.
[06:55:14] [AromaBackup/INFO]: [§1AromaBackup§r] Starting Backup. The server may lag for a bit!
[06:55:23] [AromaBackup/INFO]: [§1AromaBackup§r] Server Backup done!
[06:55:23] [AromaBackup/INFO]: [§1AromaBackup§r] Next scheduled Backup in 30 minutes.
[07:22:46] [Thread-493/INFO]: Starting backup of dimensions -7, -13, -14, -15, -16, -112, -18, -20, -21, -28, 69, -29, -30, -31, -33, -34, -35, -36, -40, -41, -43, -82, -83, -84, -85, -87, -88, -89, -1, 0
[07:22:53] [Thread-493/INFO]: Backup finished!
[07:25:24] [AromaBackup/INFO]: [§1AromaBackup§r] Starting Backup. The server may lag for a bit!
[07:25:33] [AromaBackup/INFO]: [§1AromaBackup§r] Server Backup done!
[07:25:33] [AromaBackup/INFO]: [§1AromaBackup§r] Next scheduled Backup in 30 minutes.
[07:55:34] [AromaBackup/INFO]: [§1AromaBackup§r] Starting Backup. The server may lag for a bit!
[07:55:43] [AromaBackup/INFO]: [§1AromaBackup§r] Server Backup done!
[07:55:43] [AromaBackup/INFO]: [§1AromaBackup§r] Next scheduled Backup in 30 minutes.
[08:22:46] [Thread-544/INFO]: Starting backup of dimensions -7, -13, -14, -15, -16, -112, -18, -20, -21, -28, 69, -29, -30, -31, -33, -34, -35, -36, -40, -41, -43, -82, -83, -84, -85, -87, -88, -89, -1, 0
[08:22:53] [Thread-544/INFO]: Backup finished!
[08:25:44] [AromaBackup/INFO]: [§1AromaBackup§r] Starting Backup. The server may lag for a bit!
[08:25:53] [AromaBackup/INFO]: [§1AromaBackup§r] Server Backup done!
[08:25:53] [AromaBackup/INFO]: [§1AromaBackup§r] Next scheduled Backup in 30 minutes.
[08:55:54] [AromaBackup/INFO]: [§1AromaBackup§r] Starting Backup. The server may lag for a bit!
[08:56:03] [AromaBackup/INFO]: [§1AromaBackup§r] Server Backup done!
[08:56:03] [AromaBackup/INFO]: [§1AromaBackup§r] Next scheduled Backup in 30 minutes.
[09:22:46] [Thread-592/INFO]: Starting backup of dimensions -7, -13, -14, -15, -16, -112, -18, -20, -21, -28, 69, -29, -30, -31, -33, -34, -35, -36, -40, -41, -43, -82, -83, -84, -85, -87, -88, -89, -1, 0
[09:22:53] [Thread-592/INFO]: Backup finished!
[09:26:04] [AromaBackup/INFO]: [§1AromaBackup§r] Starting Backup. The server may lag for a bit!
[09:26:13] [AromaBackup/INFO]: [§1AromaBackup§r] Server Backup done!
[09:26:13] [AromaBackup/INFO]: [§1AromaBackup§r] Next scheduled Backup in 30 minutes.
[09:30:02] [Server console handler/ERROR]: Exception handling console input
java.io.IOException: Input/output error
	at java.io.FileInputStream.readBytes(Native Method) ~[?:1.8.0_201]
	at java.io.FileInputStream.read(FileInputStream.java:255) ~[?:1.8.0_201]
	at java.io.BufferedInputStream.read1(BufferedInputStream.java:284) ~[?:1.8.0_201]
	at java.io.BufferedInputStream.read(BufferedInputStream.java:345) ~[?:1.8.0_201]
	at sun.nio.cs.StreamDecoder.readBytes(StreamDecoder.java:284) ~[?:1.8.0_201]
	at sun.nio.cs.StreamDecoder.implRead(StreamDecoder.java:326) ~[?:1.8.0_201]
	at sun.nio.cs.StreamDecoder.read(StreamDecoder.java:178) ~[?:1.8.0_201]
	at java.io.InputStreamReader.read(InputStreamReader.java:184) ~[?:1.8.0_201]
	at java.io.BufferedReader.fill(BufferedReader.java:161) ~[?:1.8.0_201]
	at java.io.BufferedReader.readLine(BufferedReader.java:324) ~[?:1.8.0_201]
	at java.io.BufferedReader.readLine(BufferedReader.java:389) ~[?:1.8.0_201]
	at net.minecraft.server.dedicated.DedicatedServer$2.run(DedicatedServer.java:97) [lv.class:?]
